[2019-09-16 10:37:46,330]-INFO: find__ 点击"点击服务",定位方法: id-->com.mmc.linghit:id/home_main_tab_ask line31
[2019-09-16 10:39:16,078]-INFO: find__ 点击"点击马上提问",定位方法: id-->com.mmc.linghit:id/ask_question_now line31
[2019-09-16 10:39:20,844]-INFO: find__ 点击"点击确认支付",定位方法: id-->com.mmc.linghit:id/pay_confirm line31
[2019-09-16 10:39:46,592]-INFO: find__ 点击"点击服务",定位方法: id-->com.mmc.linghit:id/home_main_tab_ask line31
[2019-09-16 10:40:44,537]-INFO: find__ 点击"点击服务",定位方法: id-->com.mmc.linghit:id/home_main_tab_ask line31
[2019-09-16 10:42:02,407]-INFO: find__ 点击"点击马上提问",定位方法: text-->已答数 line31
[2019-09-16 10:42:15,971]-INFO: find__ 点击"点击马上提问",定位方法: id-->com.mmc.linghit:id/ask_question_now line31
[2019-09-16 10:42:21,098]-INFO: find__ 点击"点击确认支付",定位方法: id-->com.mmc.linghit:id/pay_confirm line31
[2019-09-16 10:50:32,778]-INFO: find__ 点击"点击服务",定位方法: id-->com.mmc.linghit:id/home_main_tab_ask line31
[2019-09-16 10:52:02,327]-INFO: find__ 点击"点击马上提问",定位方法: id-->com.mmc.linghit:id/ask_question_now line31
[2019-09-16 10:52:08,059]-INFO: find__ 点击"点击确认支付",定位方法: id-->com.mmc.linghit:id/pay_confirm line31
[2019-09-16 10:52:40,825]-INFO: find__ 点击"点击服务",定位方法: id-->com.mmc.linghit:id/home_main_tab_ask line31
[2019-09-16 10:53:58,689]-INFO: find__ 点击"点击马上提问",定位方法: text-->好评 line31
[2019-09-16 10:54:13,610]-INFO: find__ 点击"点击马上提问",定位方法: id-->com.mmc.linghit:id/ask_question_now line31
[2019-09-16 10:54:19,513]-INFO: find__ 点击"点击确认支付",定位方法: id-->com.mmc.linghit:id/pay_confirm line31
[2019-09-16 10:54:46,257]-INFO: find__ 点击"点击服务",定位方法: id-->com.mmc.linghit:id/home_main_tab_ask line31
[2019-09-16 10:56:04,759]-INFO: find__ 点击"点击马上提问",定位方法: text-->已答数 line31
[2019-09-16 10:56:19,430]-INFO: find__ 点击"点击马上提问",定位方法: id-->com.mmc.linghit:id/ask_question_now line31
[2019-09-16 10:56:25,245]-INFO: find__ 点击"点击确认支付",定位方法: id-->com.mmc.linghit:id/pay_confirm line31
[2019-09-16 12:00:25,496]-INFO: find__ 点击"点击服务",定位方法: id-->com.mmc.linghit:id/home_main_tab_ask line31
[2019-09-16 12:01:55,036]-INFO: find__ 点击"点击马上提问",定位方法: id-->com.mmc.linghit:id/ask_question_now line31
[2019-09-16 12:02:00,708]-INFO: find__ 点击"点击确认支付",定位方法: id-->com.mmc.linghit:id/pay_confirm line31
[2019-09-16 12:02:27,487]-INFO: find__ 点击"点击服务",定位方法: id-->com.mmc.linghit:id/home_main_tab_ask line31
[2019-09-16 12:03:45,347]-INFO: find__ 点击"点击马上提问",定位方法: text-->好评 line31
[2019-09-16 12:03:59,748]-INFO: find__ 点击"点击马上提问",定位方法: id-->com.mmc.linghit:id/ask_question_now line31
[2019-09-16 12:04:04,787]-INFO: find__ 点击"点击确认支付",定位方法: id-->com.mmc.linghit:id/pay_confirm line31
[2019-09-16 12:04:32,022]-INFO: find__ 点击"点击服务",定位方法: id-->com.mmc.linghit:id/home_main_tab_ask line31
[2019-09-16 12:05:35,650]-INFO: find__ 点击"点击服务",定位方法: id-->com.mmc.linghit:id/home_main_tab_ask line31
[2019-09-16 12:07:00,489]-INFO: find__ 点击"...",定位方法: id-->com.mmc.linghit:id/topbar_item_right_more line31
[2019-09-16 12:07:03,127]-INFO: find__ 点击"点击拉黑",定位方法: id-->com.mmc.linghit:id/content line31
[2019-09-16 12:07:56,691]-INFO: find__ 点击"点击服务",定位方法: id-->com.mmc.linghit:id/home_main_tab_ask line31
[2019-09-16 12:08:37,641]-INFO: find__ 点击"点击Banner图",定位方法: id-->com.mmc.linghit:id/content line31
[2019-09-16 12:09:09,563]-INFO: find__ 点击"点击关注话题",定位方法: id-->com.mmc.linghit:id/follow_topic line31
[2019-09-16 12:09:11,001]-INFO: find__ 点击"点击邀请回答",定位方法: id-->com.mmc.linghit:id/topic_invite line31
[2019-09-16 12:09:15,460]-INFO: find__ 点击"输入邀请人",定位方法: id-->com.mmc.linghit:id/base_search_text line31
[2019-09-16 12:09:19,597]-INFO: find__ 点击"点击邀请",定位方法: id-->com.mmc.linghit:id/topic_user_invite line31
[2019-09-16 14:05:14,828]-INFO: find__ 点击"点击服务",定位方法: id-->com.mmc.linghit:id/home_main_tab_ask line31
[2019-09-16 14:06:44,648]-INFO: find__ 点击"点击马上提问",定位方法: id-->com.mmc.linghit:id/ask_question_now line31
[2019-09-16 14:07:07,824]-INFO: find__ 点击"点击服务",定位方法: id-->com.mmc.linghit:id/home_main_tab_ask line31
[2019-09-16 14:07:51,544]-INFO: find__ 点击"点击服务",定位方法: id-->com.mmc.linghit:id/home_main_tab_ask line31
[2019-09-16 14:09:21,755]-INFO: find__ 点击"点击马上提问",定位方法: id-->com.mmc.linghit:id/ask_question_now line31
[2019-09-16 14:09:27,732]-INFO: find__ 点击"点击确认支付",定位方法: id-->com.mmc.linghit:id/pay_confirm line31
[2019-09-16 14:10:19,347]-INFO: find__ 点击"点击服务",定位方法: id-->com.mmc.linghit:id/home_main_tab_ask line31
[2019-09-16 14:11:37,840]-INFO: find__ 点击"点击马上提问",定位方法: text-->好评 line31
[2019-09-16 14:11:52,081]-INFO: find__ 点击"点击马上提问",定位方法: id-->com.mmc.linghit:id/ask_question_now line31
[2019-09-16 14:11:57,078]-INFO: find__ 点击"点击确认支付",定位方法: id-->com.mmc.linghit:id/pay_confirm line31
[2019-09-16 14:12:29,637]-INFO: find__ 点击"点击服务",定位方法: id-->com.mmc.linghit:id/home_main_tab_ask line31
[2019-09-16 14:13:48,072]-INFO: find__ 点击"点击马上提问",定位方法: text-->已答数 line31
[2019-09-16 14:14:02,899]-INFO: find__ 点击"点击马上提问",定位方法: id-->com.mmc.linghit:id/ask_question_now line31
[2019-09-16 14:14:07,737]-INFO: find__ 点击"点击确认支付",定位方法: id-->com.mmc.linghit:id/pay_confirm line31
[2019-09-16 14:14:32,264]-INFO: find__ 点击"点击服务",定位方法: id-->com.mmc.linghit:id/home_main_tab_ask line31
[2019-09-16 14:15:39,831]-INFO: find__ 点击"点击服务",定位方法: id-->com.mmc.linghit:id/home_main_tab_ask line31
[2019-09-16 14:16:20,816]-INFO: find__ 点击"点击Banner图",定位方法: id-->com.mmc.linghit:id/content line31
[2019-09-16 14:16:52,919]-INFO: find__ 点击"点击关注话题",定位方法: id-->com.mmc.linghit:id/follow_topic line31
[2019-09-16 14:16:54,216]-INFO: find__ 点击"点击邀请回答",定位方法: id-->com.mmc.linghit:id/topic_invite line31
[2019-09-16 14:16:58,637]-INFO: find__ 点击"输入邀请人",定位方法: id-->com.mmc.linghit:id/base_search_text line31
[2019-09-16 14:17:02,825]-INFO: find__ 点击"点击邀请",定位方法: id-->com.mmc.linghit:id/topic_user_invite line31
[2019-09-16 14:21:51,237]-INFO: find__ 点击"点击服务",定位方法: id-->com.mmc.linghit:id/home_main_tab_ask line31
[2019-09-16 14:23:21,264]-INFO: find__ 点击"点击马上提问",定位方法: id-->com.mmc.linghit:id/ask_question_now line31
[2019-09-16 14:23:26,319]-INFO: find__ 点击"点击确认支付",定位方法: id-->com.mmc.linghit:id/pay_confirm line31
[2019-09-16 14:23:53,180]-INFO: find__ 点击"点击服务",定位方法: id-->com.mmc.linghit:id/home_main_tab_ask line31
[2019-09-16 14:24:38,419]-INFO: find__ 点击"点击服务",定位方法: id-->com.mmc.linghit:id/home_main_tab_ask line31
[2019-09-16 14:25:00,901]-INFO: find__ 点击"点击服务",定位方法: id-->com.mmc.linghit:id/home_main_tab_ask line31
[2019-09-16 14:26:21,169]-INFO: find__ 点击"点击马上提问",定位方法: text-->已答数 line31
[2019-09-16 14:26:35,932]-INFO: find__ 点击"点击马上提问",定位方法: id-->com.mmc.linghit:id/ask_question_now line31
[2019-09-16 14:26:39,981]-INFO: find__ 点击"点击确认支付",定位方法: id-->com.mmc.linghit:id/pay_confirm line31
[2019-09-16 14:27:07,020]-INFO: find__ 点击"点击服务",定位方法: id-->com.mmc.linghit:id/home_main_tab_ask line31
[2019-09-16 14:27:51,273]-INFO: find__ 点击"点击服务",定位方法: id-->com.mmc.linghit:id/home_main_tab_ask line31
[2019-09-16 14:28:08,748]-INFO: find__ 点击"点击服务",定位方法: id-->com.mmc.linghit:id/home_main_tab_ask line31
[2019-09-16 14:28:49,852]-INFO: find__ 点击"点击Banner图",定位方法: id-->com.mmc.linghit:id/content line31
[2019-09-16 14:29:21,890]-INFO: find__ 点击"点击关注话题",定位方法: id-->com.mmc.linghit:id/follow_topic line31
[2019-09-16 14:29:23,297]-INFO: find__ 点击"点击邀请回答",定位方法: id-->com.mmc.linghit:id/topic_invite line31
[2019-09-16 14:29:27,732]-INFO: find__ 点击"输入邀请人",定位方法: id-->com.mmc.linghit:id/base_search_text line31
[2019-09-16 14:29:31,915]-INFO: find__ 点击"点击邀请",定位方法: id-->com.mmc.linghit:id/topic_user_invite line31
[2019-09-16 14:32:54,772]-INFO: find__ 点击"点击服务",定位方法: id-->com.mmc.linghit:id/home_main_tab_ask line31
[2019-09-16 14:34:25,284]-INFO: find__ 点击"点击马上提问",定位方法: id-->com.mmc.linghit:id/ask_question_now line31
[2019-09-16 14:34:28,818]-INFO: find__ 点击"点击确认支付",定位方法: id-->com.mmc.linghit:id/pay_confirm line31
[2019-09-16 14:34:56,000]-INFO: find__ 点击"点击服务",定位方法: id-->com.mmc.linghit:id/home_main_tab_ask line31
[2019-09-16 14:36:14,195]-INFO: find__ 点击"点击马上提问",定位方法: text-->好评 line31
[2019-09-16 14:36:28,537]-INFO: find__ 点击"点击马上提问",定位方法: id-->com.mmc.linghit:id/ask_question_now line31
[2019-09-16 14:36:34,070]-INFO: find__ 点击"点击确认支付",定位方法: id-->com.mmc.linghit:id/pay_confirm line31
[2019-09-16 14:37:03,856]-INFO: find__ 点击"点击服务",定位方法: id-->com.mmc.linghit:id/home_main_tab_ask line31
[2019-09-16 14:37:56,475]-INFO: find__ 点击"点击服务",定位方法: id-->com.mmc.linghit:id/home_main_tab_ask line31
[2019-09-16 14:39:21,913]-INFO: find__ 点击"...",定位方法: id-->com.mmc.linghit:id/topbar_item_right_more line31
[2019-09-16 14:39:25,206]-INFO: find__ 点击"点击拉黑",定位方法: id-->com.mmc.linghit:id/content line31
[2019-09-16 14:40:18,253]-INFO: find__ 点击"点击服务",定位方法: id-->com.mmc.linghit:id/home_main_tab_ask line31
[2019-09-16 14:40:59,445]-INFO: find__ 点击"点击Banner图",定位方法: id-->com.mmc.linghit:id/content line31
[2019-09-16 14:43:45,835]-INFO: find__ 点击"点击服务",定位方法: id-->com.mmc.linghit:id/home_main_tab_ask line31
[2019-09-16 14:45:15,818]-INFO: find__ 点击"点击马上提问",定位方法: id-->com.mmc.linghit:id/ask_question_now line31
[2019-09-16 14:45:19,463]-INFO: find__ 点击"点击确认支付",定位方法: id-->com.mmc.linghit:id/pay_confirm line31
[2019-09-16 14:45:46,401]-INFO: find__ 点击"点击服务",定位方法: id-->com.mmc.linghit:id/home_main_tab_ask line31
[2019-09-16 14:46:49,412]-INFO: find__ 点击"点击服务",定位方法: id-->com.mmc.linghit:id/home_main_tab_ask line31
[2019-09-16 14:48:10,126]-INFO: find__ 点击"点击马上提问",定位方法: text-->已答数 line31
[2019-09-16 14:48:25,044]-INFO: find__ 点击"点击马上提问",定位方法: id-->com.mmc.linghit:id/ask_question_now line31
[2019-09-16 14:48:29,660]-INFO: find__ 点击"点击确认支付",定位方法: id-->com.mmc.linghit:id/pay_confirm line31
[2019-09-16 14:48:55,053]-INFO: find__ 点击"点击服务",定位方法: id-->com.mmc.linghit:id/home_main_tab_ask line31
[2019-09-16 14:49:59,717]-INFO: find__ 点击"点击服务",定位方法: id-->com.mmc.linghit:id/home_main_tab_ask line31
[2019-09-16 14:50:40,642]-INFO: find__ 点击"点击Banner图",定位方法: id-->com.mmc.linghit:id/content line31
[2019-09-16 14:51:12,655]-INFO: find__ 点击"点击关注话题",定位方法: id-->com.mmc.linghit:id/follow_topic line31
[2019-09-16 14:51:14,026]-INFO: find__ 点击"点击邀请回答",定位方法: id-->com.mmc.linghit:id/topic_invite line31
[2019-09-16 14:51:18,452]-INFO: find__ 点击"输入邀请人",定位方法: id-->com.mmc.linghit:id/base_search_text line31
[2019-09-16 14:51:23,141]-INFO: find__ 点击"点击邀请",定位方法: id-->com.mmc.linghit:id/topic_user_invite line31
[2019-09-16 14:52:11,862]-INFO: find__ 点击"点击服务",定位方法: id-->com.mmc.linghit:id/home_main_tab_ask line31
[2019-09-16 14:52:42,418]-INFO: find__ 点击"点击服务",定位方法: id-->com.mmc.linghit:id/home_main_tab_ask line31
[2019-09-16 14:54:01,397]-INFO: find__ 点击"点击马上提问",定位方法: text-->好评 line31
[2019-09-16 14:54:16,384]-INFO: find__ 点击"点击马上提问",定位方法: id-->com.mmc.linghit:id/ask_question_now line31
[2019-09-16 14:54:21,607]-INFO: find__ 点击"点击确认支付",定位方法: id-->com.mmc.linghit:id/pay_confirm line31
[2019-09-16 14:54:54,068]-INFO: find__ 点击"点击服务",定位方法: id-->com.mmc.linghit:id/home_main_tab_ask line31
[2019-09-16 14:56:14,303]-INFO: find__ 点击"点击马上提问",定位方法: text-->已答数 line31
[2019-09-16 14:56:28,766]-INFO: find__ 点击"点击马上提问",定位方法: id-->com.mmc.linghit:id/ask_question_now line31
[2019-09-16 14:56:34,494]-INFO: find__ 点击"点击确认支付",定位方法: id-->com.mmc.linghit:id/pay_confirm line31
[2019-09-16 14:57:10,113]-INFO: find__ 点击"点击服务",定位方法: id-->com.mmc.linghit:id/home_main_tab_ask line31
[2019-09-16 14:57:43,519]-INFO: find__ 点击"点击Banner图",定位方法: id-->com.mmc.linghit:id/content line31
[2019-09-16 15:01:14,699]-INFO: find__ 点击"点击服务",定位方法: id-->com.mmc.linghit:id/home_main_tab_ask line31
[2019-09-16 15:02:46,188]-INFO: find__ 点击"点击马上提问",定位方法: id-->com.mmc.linghit:id/ask_question_now line31
[2019-09-16 15:02:50,145]-INFO: find__ 点击"点击确认支付",定位方法: id-->com.mmc.linghit:id/pay_confirm line31
[2019-09-16 15:03:15,709]-INFO: find__ 点击"点击服务",定位方法: id-->com.mmc.linghit:id/home_main_tab_ask line31
[2019-09-16 15:04:17,862]-INFO: find__ 点击"点击服务",定位方法: id-->com.mmc.linghit:id/home_main_tab_ask line31
[2019-09-16 15:05:32,227]-INFO: find__ 点击"点击服务",定位方法: id-->com.mmc.linghit:id/home_main_tab_ask line31
[2019-09-16 15:07:02,054]-INFO: find__ 点击"点击马上提问",定位方法: id-->com.mmc.linghit:id/ask_question_now line31
[2019-09-16 15:07:05,599]-INFO: find__ 点击"点击确认支付",定位方法: id-->com.mmc.linghit:id/pay_confirm line31
[2019-09-16 15:07:36,675]-INFO: find__ 点击"点击服务",定位方法: id-->com.mmc.linghit:id/home_main_tab_ask line31
[2019-09-16 15:08:33,680]-INFO: find__ 点击"点击服务",定位方法: id-->com.mmc.linghit:id/home_main_tab_ask line31
[2019-09-16 15:09:53,834]-INFO: find__ 点击"点击马上提问",定位方法: text-->已答数 line31
[2019-09-16 15:10:08,076]-INFO: find__ 点击"点击马上提问",定位方法: id-->com.mmc.linghit:id/ask_question_now line31
[2019-09-16 15:10:12,699]-INFO: find__ 点击"点击确认支付",定位方法: id-->com.mmc.linghit:id/pay_confirm line31
[2019-09-16 15:10:41,809]-INFO: find__ 点击"点击服务",定位方法: id-->com.mmc.linghit:id/home_main_tab_ask line31
[2019-09-16 15:11:41,140]-INFO: find__ 点击"点击服务",定位方法: id-->com.mmc.linghit:id/home_main_tab_ask line31
[2019-09-16 15:12:22,011]-INFO: find__ 点击"点击Banner图",定位方法: id-->com.mmc.linghit:id/content line31
[2019-09-16 15:12:53,870]-INFO: find__ 点击"点击关注话题",定位方法: id-->com.mmc.linghit:id/follow_topic line31
[2019-09-16 15:12:55,130]-INFO: find__ 点击"点击邀请回答",定位方法: id-->com.mmc.linghit:id/topic_invite line31
[2019-09-16 15:12:59,537]-INFO: find__ 点击"输入邀请人",定位方法: id-->com.mmc.linghit:id/base_search_text line31
[2019-09-16 15:13:03,674]-INFO: find__ 点击"点击邀请",定位方法: id-->com.mmc.linghit:id/topic_user_invite line31
[2019-09-16 15:14:45,654]-INFO: find__ 点击"点击服务",定位方法: id-->com.mmc.linghit:id/home_main_tab_ask line31
[2019-09-16 15:15:26,678]-INFO: find__ 点击"点击Banner图",定位方法: id-->com.mmc.linghit:id/content line31
[2019-09-16 15:15:58,555]-INFO: find__ 点击"点击关注话题",定位方法: id-->com.mmc.linghit:id/follow_topic line31
[2019-09-16 15:15:59,924]-INFO: find__ 点击"点击邀请回答",定位方法: id-->com.mmc.linghit:id/topic_invite line31
[2019-09-16 15:16:04,555]-INFO: find__ 点击"输入邀请人",定位方法: id-->com.mmc.linghit:id/base_search_text line31
[2019-09-16 15:16:09,222]-INFO: find__ 点击"点击邀请",定位方法: id-->com.mmc.linghit:id/topic_user_invite line31
[2019-09-16 15:52:40,121]-INFO: find__ 点击"点击消息",定位方法: id-->com.mmc.linghit:id/tab_inner line31
[2019-09-16 15:53:21,130]-INFO: find__ 点击"点击灵机小管家",定位方法: text-->灵机小管家 line31
[2019-09-16 15:54:08,088]-INFO: find__ 点击"点击消息",定位方法: id-->com.mmc.linghit:id/tab_inner line31
[2019-09-16 15:54:49,115]-INFO: find__ 点击"点击灵机优惠劵",定位方法: text-->灵机优惠劵 line31
[2019-09-16 15:55:35,630]-INFO: find__ 点击"点击消息",定位方法: id-->com.mmc.linghit:id/tab_inner line31
[2019-09-16 15:56:16,457]-INFO: find__ 点击"点击互动",定位方法: text-->互动 line31
[2019-09-16 15:58:18,861]-INFO: find__ 点击"点击消息",定位方法: id-->com.mmc.linghit:id/tab_inner line31
[2019-09-16 15:58:59,696]-INFO: find__ 点击"点击灵机小管家",定位方法: text-->灵机小管家 line31
[2019-09-16 16:00:47,663]-INFO: find__ 点击"点击消息",定位方法: text-->消息 line31
[2019-09-16 16:01:29,508]-INFO: find__ 点击"点击灵机小管家",定位方法: text-->灵机小管家 line31
[2019-09-16 16:02:02,241]-INFO: find__ 点击"点击立即查看",定位方法: text-->立即查看 line31
[2019-09-16 16:04:25,322]-INFO: find__ 点击"点击消息",定位方法: text-->消息 line31
[2019-09-16 16:05:07,301]-INFO: find__ 点击"点击灵机小管家",定位方法: text-->灵机小管家 line31
[2019-09-16 16:05:40,297]-INFO: find__ 点击"点击立即查看",定位方法: text-->立即查看 line31
[2019-09-16 16:06:04,653]-INFO: find__ 点击"点击消息",定位方法: text-->消息 line31
[2019-09-16 16:07:03,980]-INFO: find__ 点击"点击消息",定位方法: text-->消息 line31
[2019-09-16 16:07:45,760]-INFO: find__ 点击"点击互动",定位方法: text-->互动 line31
[2019-09-16 16:08:27,043]-INFO: find__ 点击"点击已读",定位方法: text-->已读 line31
[2019-09-16 16:08:58,887]-INFO: find__ 点击"点击确定",定位方法: text-->确定 line31
[2019-09-16 16:11:07,674]-INFO: find__ 点击"点击消息",定位方法: text-->消息 line31
[2019-09-16 16:11:52,533]-INFO: find__ 点击"点击消息",定位方法: text-->消息 line31
[2019-09-16 16:12:36,743]-INFO: find__ 点击"点击消息",定位方法: text-->消息 line31
[2019-09-16 16:13:41,668]-INFO: find__ 点击"点击消息",定位方法: text-->消息 line31
[2019-09-16 16:14:36,129]-INFO: find__ 点击"点击消息",定位方法: text-->消息 line31
[2019-09-16 16:15:17,947]-INFO: find__ 点击"点击灵机优惠劵",定位方法: text-->灵机优惠劵 line31
[2019-09-16 16:15:50,183]-INFO: find__ 点击"点击优惠卷",定位方法: text-->立即查看 line31
[2019-09-16 16:16:34,498]-INFO: find__ 点击"点击消息",定位方法: text-->消息 line31
[2019-09-16 16:17:16,241]-INFO: find__ 点击"点击互动",定位方法: text-->互动 line31
[2019-09-16 16:17:57,458]-INFO: find__ 点击"点击已读",定位方法: text-->已读 line31
[2019-09-16 16:18:29,227]-INFO: find__ 点击"点击确定",定位方法: text-->确定 line31
[2019-09-16 16:21:11,814]-INFO: find__ 点击"点击消息",定位方法: text-->消息 line31
[2019-09-16 16:21:53,564]-INFO: find__ 点击"点击灵机小管家",定位方法: text-->灵机小管家 line31
[2019-09-16 16:22:26,418]-INFO: find__ 点击"点击立即查看",定位方法: text-->立即查看 line31
[2019-09-16 16:22:51,296]-INFO: find__ 点击"点击消息",定位方法: text-->消息 line31
[2019-09-16 16:23:50,689]-INFO: find__ 点击"点击消息",定位方法: text-->消息 line31
[2019-09-16 16:24:52,971]-INFO: find__ 点击"点击消息",定位方法: text-->消息 line31
[2019-09-16 16:25:33,988]-INFO: find__ 点击"点击灵机优惠劵",定位方法: text-->灵机优惠劵 line31
[2019-09-16 16:26:47,994]-INFO: find__ 点击"点击消息",定位方法: text-->消息 line31
[2019-09-16 16:27:32,873]-INFO: find__ 点击"点击灵机优惠劵",定位方法: text-->灵机优惠劵 line31
[2019-09-16 17:43:41,012]-INFO: find__ 点击"点击我的",定位方法: id-->com.mmc.linghit:id/home_main_tab_mine line31
[2019-09-16 17:44:21,997]-INFO: find__ 点击"点击>",定位方法: id-->com.mmc.linghit:id/me_user_go_detail line31
[2019-09-16 17:44:54,138]-INFO: find__ 点击"点击编辑",定位方法: id-->com.mmc.linghit:id/uc_user_edit line31
[2019-09-16 17:44:54,418]-INFO: find__ 点击"点击头像",定位方法: text-->头像 line31
[2019-09-16 17:44:56,415]-INFO: find__ 点击"点击修改",定位方法: text-->修改 line31
[2019-09-16 17:44:57,386]-INFO: find__ 点击"点击相册",定位方法: text-->相册 line31
[2019-09-16 17:44:58,242]-INFO: find__ 点击"点击对勾",定位方法: id-->com.mmc.linghit:id/check line31
[2019-09-16 17:45:03,715]-INFO: find__ 点击"点击已完成",定位方法: text-->	已完成 line31
[2019-09-16 17:45:24,358]-INFO: find__ 点击"点击性别",定位方法: id-->com.mmc.linghit:id/sex_layout line31
[2019-09-16 17:46:26,780]-INFO: find__ 点击"点击我的",定位方法: id-->com.mmc.linghit:id/home_main_tab_mine line31
[2019-09-16 17:46:28,849]-INFO: find__ 点击"点击性别",定位方法: id-->com.mmc.linghit:id/sex_layout line31
[2019-09-16 17:46:30,901]-INFO: find__ 点击"点击出生年月",定位方法: id-->com.mmc.linghit:id/birthday_layout line31
[2019-09-16 17:46:32,959]-INFO: find__ 点击"点击感情状态",定位方法: id-->com.mmc.linghit:id/marital_status_layout line31
[2019-09-16 17:46:35,003]-INFO: find__ 点击"点击工作状态",定位方法: id-->com.mmc.linghit:id/working_status_layout line31
[2019-09-16 17:47:42,158]-INFO: find__ 点击"点击我的",定位方法: id-->com.mmc.linghit:id/home_main_tab_mine line31
[2019-09-16 17:48:23,402]-INFO: find__ 点击"点击>",定位方法: id-->com.mmc.linghit:id/me_user_go_detail line31
[2019-09-16 17:48:55,323]-INFO: find__ 点击"点击编辑",定位方法: id-->com.mmc.linghit:id/uc_user_edit line31
[2019-09-16 17:48:55,575]-INFO: find__ 点击"点击头像",定位方法: text-->头像 line31
[2019-09-16 17:48:57,169]-INFO: find__ 点击"点击修改",定位方法: text-->修改 line31
[2019-09-16 17:48:58,253]-INFO: find__ 点击"点击相册",定位方法: text-->相册 line31
[2019-09-16 17:48:59,213]-INFO: find__ 点击"点击对勾",定位方法: id-->com.mmc.linghit:id/check line31
[2019-09-16 17:49:01,185]-INFO: find__ 点击"点击已完成",定位方法: text-->已完成 line31
[2019-09-16 17:49:02,270]-INFO: find__ 点击"点击对勾",定位方法: id-->com.mmc.linghit:id/menu_crop line31
[2019-09-16 17:49:33,662]-INFO: find__ 点击"点击返回",定位方法: id-->com.mmc.linghit:id/topbar_item_left_back line31
[2019-09-16 17:49:33,853]-INFO: find__ 点击"点击性别",定位方法: id-->com.mmc.linghit:id/sex_layout line31
[2019-09-16 17:49:48,419]-INFO: find__ 点击"选择男",定位方法: text-->男 line31
[2019-09-16 17:49:49,467]-INFO: find__ 点击"点击出生年月",定位方法: id-->com.mmc.linghit:id/birthday_layout line31
[2019-09-16 17:50:09,518]-INFO: find__ 点击"点击感情状态",定位方法: id-->com.mmc.linghit:id/marital_status_layout line31
[2019-09-16 17:50:13,304]-INFO: find__ 点击"点击已婚",定位方法: text-->已婚 line31
[2019-09-16 17:50:14,400]-INFO: find__ 点击"点击工作状态",定位方法: id-->com.mmc.linghit:id/working_status_layout line31
[2019-09-16 17:50:15,159]-INFO: find__ 点击"点击学生",定位方法: text-->学生 line31
[2019-09-16 17:51:23,220]-INFO: find__ 点击"点击性别",定位方法: id-->com.mmc.linghit:id/sex_layout line31
[2019-09-16 17:51:23,248]-INFO: find__ 点击"点击出生年月",定位方法: id-->com.mmc.linghit:id/birthday_layout line31
[2019-09-16 17:51:23,268]-INFO: find__ 点击"点击感情状态",定位方法: id-->com.mmc.linghit:id/marital_status_layout line31
[2019-09-16 17:51:23,292]-INFO: find__ 点击"点击工作状态",定位方法: id-->com.mmc.linghit:id/working_status_layout line31
[2019-09-16 17:51:58,579]-INFO: find__ 点击"点击性别",定位方法: id-->com.mmc.linghit:id/sex_layout line31
[2019-09-16 17:52:20,058]-INFO: find__ 点击"点击出生年月",定位方法: id-->com.mmc.linghit:id/birthday_layout line31
[2019-09-16 17:53:57,197]-INFO: find__ 点击"点击我的",定位方法: id-->com.mmc.linghit:id/home_main_tab_mine line31
[2019-09-16 17:54:38,117]-INFO: find__ 点击"点击>",定位方法: id-->com.mmc.linghit:id/me_user_go_detail line31
[2019-09-16 17:55:10,152]-INFO: find__ 点击"点击编辑",定位方法: id-->com.mmc.linghit:id/uc_user_edit line31
[2019-09-16 17:55:10,397]-INFO: find__ 点击"点击性别",定位方法: id-->com.mmc.linghit:id/sex_layout line31
[2019-09-16 17:55:11,757]-INFO: find__ 点击"选择男",定位方法: text-->男 line31
[2019-09-16 17:55:13,095]-INFO: find__ 点击"点击出生年月",定位方法: id-->com.mmc.linghit:id/birthday_layout line31
[2019-09-16 17:55:19,622]-INFO: find__ 点击"点击确定",定位方法: text-->确定 line31
[2019-09-16 17:55:20,577]-INFO: find__ 点击"点击感情状态",定位方法: id-->com.mmc.linghit:id/marital_status_layout line31
[2019-09-16 17:55:21,447]-INFO: find__ 点击"点击已婚",定位方法: text-->已婚 line31
[2019-09-16 17:55:23,425]-INFO: find__ 点击"点击工作状态",定位方法: id-->com.mmc.linghit:id/working_status_layout line31
[2019-09-16 17:55:24,430]-INFO: find__ 点击"点击学生",定位方法: text-->学生 line31
[2019-09-16 17:57:42,019]-INFO: find__ 点击"点击我的",定位方法: id-->com.mmc.linghit:id/home_main_tab_mine line31
[2019-09-16 17:58:05,598]-INFO: find__ 点击"点击性别",定位方法: id-->com.mmc.linghit:id/sex_layout line31
[2019-09-16 17:58:38,670]-INFO: find__ 点击"点击我的",定位方法: id-->com.mmc.linghit:id/home_main_tab_mine line31
[2019-09-16 17:59:19,638]-INFO: find__ 点击"点击>",定位方法: id-->com.mmc.linghit:id/me_user_go_detail line31
[2019-09-16 17:59:51,676]-INFO: find__ 点击"点击编辑",定位方法: id-->com.mmc.linghit:id/uc_user_edit line31
[2019-09-16 17:59:51,891]-INFO: find__ 点击"点击性别",定位方法: id-->com.mmc.linghit:id/sex_layout line31
[2019-09-16 17:59:53,660]-INFO: find__ 点击"选择男",定位方法: text-->男 line31
[2019-09-16 17:59:55,016]-INFO: find__ 点击"点击出生年月",定位方法: id-->com.mmc.linghit:id/birthday_layout line31
[2019-09-16 17:59:56,586]-INFO: find__ 点击"点击确定",定位方法: text-->确定 line31
[2019-09-16 17:59:57,436]-INFO: find__ 点击"点击感情状态",定位方法: id-->com.mmc.linghit:id/marital_status_layout line31
[2019-09-16 17:59:58,271]-INFO: find__ 点击"点击已婚",定位方法: text-->已婚 line31
[2019-09-16 18:00:00,195]-INFO: find__ 点击"点击工作状态",定位方法: id-->com.mmc.linghit:id/working_status_layout line31
[2019-09-16 18:00:01,235]-INFO: find__ 点击"点击学生",定位方法: text-->学生 line31
[2019-09-16 18:31:24,658]-INFO: find__ 点击"点击我的",定位方法: id-->com.mmc.linghit:id/home_main_tab_mine line31
[2019-09-16 18:32:05,556]-INFO: find__ 点击"点击>",定位方法: id-->com.mmc.linghit:id/me_user_go_detail line31
[2019-09-16 18:32:37,557]-INFO: find__ 点击"点击编辑",定位方法: id-->com.mmc.linghit:id/uc_user_edit line31
[2019-09-16 18:32:37,812]-INFO: find__ 点击"点击头像",定位方法: text-->头像 line31
[2019-09-16 18:32:39,911]-INFO: find__ 点击"点击修改",定位方法: text-->修改 line31
[2019-09-16 18:32:40,999]-INFO: find__ 点击"点击相册",定位方法: text-->相册 line31
[2019-09-16 18:32:41,959]-INFO: find__ 点击"点击对勾",定位方法: id-->com.mmc.linghit:id/check line31
[2019-09-16 18:32:43,583]-INFO: find__ 点击"点击已完成",定位方法: text-->已完成 line31
[2019-09-16 18:32:44,683]-INFO: find__ 点击"点击对勾",定位方法: id-->com.mmc.linghit:id/menu_crop line31
[2019-09-16 18:34:30,528]-INFO: find__ 点击"点击我的",定位方法: id-->com.mmc.linghit:id/home_main_tab_mine line31
[2019-09-16 18:35:11,507]-INFO: find__ 点击"点击>",定位方法: id-->com.mmc.linghit:id/me_user_go_detail line31
[2019-09-16 18:35:43,578]-INFO: find__ 点击"点击编辑",定位方法: id-->com.mmc.linghit:id/uc_user_edit line31
[2019-09-16 18:35:43,784]-INFO: find__ 点击"点击性别",定位方法: id-->com.mmc.linghit:id/sex_layout line31
[2019-09-16 18:35:45,040]-INFO: find__ 点击"选择男",定位方法: text-->男 line31
[2019-09-16 18:35:46,633]-INFO: find__ 点击"点击出生年月",定位方法: id-->com.mmc.linghit:id/birthday_layout line31
[2019-09-16 18:35:47,777]-INFO: find__ 点击"点击确定",定位方法: text-->确定 line31
[2019-09-16 18:35:49,303]-INFO: find__ 点击"点击感情状态",定位方法: id-->com.mmc.linghit:id/marital_status_layout line31
[2019-09-16 18:35:50,135]-INFO: find__ 点击"点击已婚",定位方法: text-->已婚 line31
[2019-09-16 18:35:52,307]-INFO: find__ 点击"点击工作状态",定位方法: id-->com.mmc.linghit:id/working_status_layout line31
[2019-09-16 18:35:53,153]-INFO: find__ 点击"点击学生",定位方法: text-->学生 line31
[2019-09-16 18:36:18,841]-INFO: find__ 点击"点击我的",定位方法: id-->com.mmc.linghit:id/home_main_tab_mine line31
[2019-09-16 18:36:56,260]-INFO: find__ 点击"点击闪测",定位方法: id-->com.mmc.linghit:id/fast line31
[2019-09-16 18:36:56,284]-INFO: find__ 点击"点击普通问题",定位方法: id-->com.mmc.linghit:id/question line31
[2019-09-16 18:36:56,309]-INFO: find__ 点击"点击旁听",定位方法: id-->com.mmc.linghit:id/eavesdrop line31
[2019-09-16 18:36:56,331]-INFO: find__ 点击"点击查看更多",定位方法: id-->com.mmc.linghit:id/more line31
[2019-09-16 18:39:31,266]-INFO: find__ 点击"点击我的",定位方法: id-->com.mmc.linghit:id/home_main_tab_mine line31
[2019-09-16 18:40:12,133]-INFO: find__ 点击"点击咨询室",定位方法: id-->com.mmc.linghit:id/consult line31
[2019-09-16 18:40:43,917]-INFO: find__ 点击"点击查看消息",定位方法: id-->com.mmc.linghit:id/order_operate line31
[2019-09-16 18:40:45,225]-INFO: find__ 点击"点击返回",定位方法: id-->com.mmc.linghit:id/topbar_item_left_back line31
[2019-09-16 18:40:47,051]-INFO: find__ 点击"点击返回",定位方法: text-->com.mmc.linghit:id/topbar_item_left_back line31
[2019-09-16 18:41:07,870]-INFO: find__ 点击"点击闪测",定位方法: id-->com.mmc.linghit:id/fast line31
[2019-09-16 18:41:28,569]-INFO: find__ 点击"点击普通问题",定位方法: id-->com.mmc.linghit:id/question line31
[2019-09-16 18:42:45,535]-INFO: find__ 点击"点击我的",定位方法: id-->com.mmc.linghit:id/home_main_tab_mine line31
[2019-09-16 18:43:26,672]-INFO: find__ 点击"点击咨询室",定位方法: id-->com.mmc.linghit:id/consult line31
[2019-09-16 18:43:58,381]-INFO: find__ 点击"点击查看消息",定位方法: id-->com.mmc.linghit:id/order_operate line31
[2019-09-16 18:43:59,569]-INFO: find__ 点击"点击返回",定位方法: id-->com.mmc.linghit:id/topbar_item_left_back line31
[2019-09-16 18:44:02,020]-INFO: find__ 点击"点击返回",定位方法: id-->com.mmc.linghit:id/topbar_item_left_back line31
[2019-09-16 18:44:13,193]-INFO: find__ 点击"点击闪测",定位方法: id-->com.mmc.linghit:id/fast line31
[2019-09-16 18:44:44,888]-INFO: find__ 点击"点击返回",定位方法: id-->com.mmc.linghit:id/topbar_item_left_back line31
[2019-09-16 18:44:45,823]-INFO: find__ 点击"点击普通问题",定位方法: id-->com.mmc.linghit:id/question line31
[2019-09-16 18:45:17,537]-INFO: find__ 点击"点击返回",定位方法: id-->com.mmc.linghit:id/topbar_item_left_back line31
[2019-09-16 18:45:18,465]-INFO: find__ 点击"点击旁听",定位方法: id-->com.mmc.linghit:id/eavesdrop line31
[2019-09-16 18:45:41,190]-INFO: find__ 点击"点击返回",定位方法: id-->com.mmc.linghit:id/topbar_item_left_back line31
[2019-09-16 18:45:41,401]-INFO: find__ 点击"点击查看更多",定位方法: id-->com.mmc.linghit:id/more line31
[2019-09-16 18:46:03,073]-INFO: find__ 点击"点击返回",定位方法: id-->com.mmc.linghit:id/topbar_item_left_back line31
