[2019-11-22 21:36:31,438]-INFO: find__ 点击"点击服务",定位方法: id-->com.mmc.linghit:id/home_main_tab_ask line31
[2019-11-22 21:39:22,402]-INFO: find__ 点击"点击服务",定位方法: id-->com.mmc.linghit:id/home_main_tab_ask line31
[2019-11-22 21:44:37,789]-INFO: find__ 点击"点击服务",定位方法: id-->com.mmc.linghit.internal:id/home_main_tab_ask line31
[2019-11-22 23:03:50,029]-INFO: find__ 点击"点击服务",定位方法: id-->com.mmc.linghit.internal:id/home_main_tab_ask line31
[2019-11-22 23:03:55,409]-INFO: find__ 点击"点击私聊",定位方法: id-->com.mmc.linghit.internal:id/consult line31
[2019-11-22 23:07:16,301]-INFO: find__ 点击"点击服务",定位方法: id-->com.mmc.linghit.internal:id/home_main_tab_ask line31
[2019-11-22 23:07:20,733]-INFO: find__ 点击"点击婚姻爱情",定位方法: text-->婚姻爱情 line31
[2019-11-22 23:07:21,656]-INFO: find__ 点击"点击老师",定位方法: id-->com.mmc.linghit.internal:id/avatar line31
[2019-11-22 23:07:23,825]-INFO: find__ 点击"点击马上提问",定位方法: id-->com.mmc.linghit.internal:id/ask_question_now line31
[2019-11-22 23:07:26,616]-INFO: find__ 点击"输入元宝",定位方法: id-->com.mmc.linghit.internal:id/pay_title line31
[2019-11-22 23:07:46,839]-INFO: find__ 点击"点击私聊",定位方法: id-->com.mmc.linghit.internal:id/consult line31
[2019-11-22 23:07:47,036]-INFO: find__ 点击"点击...",定位方法: id-->com.mmc.linghit.internal:id/topbar_item_right_more line31
[2019-11-22 23:07:48,819]-INFO: find__ 点击"点击举报",定位方法: id-->com.mmc.linghit.internal:id/title line31
[2019-11-22 23:07:51,536]-INFO: find__ 点击"输入内容",定位方法: id-->com.mmc.linghit.internal:id/reason line31
[2019-11-22 23:07:51,731]-INFO: find__ 点击"点击提交",定位方法: id-->com.mmc.linghit.internal:id/reason_commit line31
[2019-11-22 23:07:52,427]-INFO: find__ 点击"点击返回",定位方法: id-->com.mmc.linghit.internal:id/topbar_item_left_back line31
[2019-11-22 23:07:53,884]-INFO: find__ 点击"点击好评",定位方法: id-->com.mmc.linghit.internal:id/title line31
[2019-11-22 23:07:54,953]-INFO: find__ 点击"点击老师",定位方法: id-->com.mmc.linghit.internal:id/avatar line31
[2019-11-22 23:07:56,719]-INFO: find__ 点击"点击马上提问",定位方法: id-->com.mmc.linghit.internal:id/ask_question_now line31
[2019-11-22 23:07:59,390]-INFO: find__ 点击"输入元宝",定位方法: id-->com.mmc.linghit.internal:id/pay_title line31
[2019-11-22 23:08:01,187]-INFO: find__ 点击"点击确认支付",定位方法: id-->com.mmc.linghit.internal:id/pay_confirm line31
[2019-11-22 23:08:01,877]-INFO: find__ 点击"点击返回",定位方法: id-->com.mmc.linghit.internal:id/topbar_item_left_back line31
[2019-11-22 23:09:22,911]-INFO: find__ 点击"点击服务",定位方法: id-->com.mmc.linghit.internal:id/home_main_tab_ask line31
[2019-11-22 23:09:27,655]-INFO: find__ 点击"点击婚姻爱情",定位方法: text-->婚姻爱情 line31
[2019-11-22 23:09:28,562]-INFO: find__ 点击"点击老师",定位方法: id-->com.mmc.linghit.internal:id/avatar line31
[2019-11-22 23:09:30,703]-INFO: find__ 点击"点击马上提问",定位方法: id-->com.mmc.linghit.internal:id/ask_question_now line31
[2019-11-22 23:09:35,635]-INFO: find__ 点击"输入元宝",定位方法: id-->com.mmc.linghit.internal:id/pay_title line31
[2019-11-22 23:09:35,787]-INFO: find__ 点击"点击确认支付",定位方法: id-->com.mmc.linghit.internal:id/pay_confirm line31
[2019-11-22 23:09:36,489]-INFO: find__ 点击"点击返回",定位方法: id-->com.mmc.linghit.internal:id/topbar_item_left_back line31
[2019-11-22 23:14:53,095]-INFO: find__ 点击"点击服务",定位方法: id-->com.mmc.linghit.internal:id/home_main_tab_ask line31
[2019-11-22 23:14:57,469]-INFO: find__ 点击"点击婚姻爱情",定位方法: text-->婚姻爱情 line31
[2019-11-22 23:14:58,391]-INFO: find__ 点击"点击老师",定位方法: id-->com.mmc.linghit.internal:id/avatar line31
[2019-11-22 23:15:00,548]-INFO: find__ 点击"点击马上提问",定位方法: id-->com.mmc.linghit.internal:id/ask_question_now line31
[2019-11-22 23:15:05,538]-INFO: find__ 点击"点击确认支付",定位方法: id-->com.mmc.linghit.internal:id/pay_confirm line31
[2019-11-22 23:15:06,592]-INFO: find__ 点击"点击返回",定位方法: id-->com.mmc.linghit.internal:id/topbar_item_left_back line31
[2019-11-22 23:15:09,398]-INFO: find__ 点击"点击返回",定位方法: id-->com.mmc.linghit.internal:id/topbar_item_left_back line31
[2019-11-22 23:15:10,497]-INFO: find__ 点击"点击私聊",定位方法: id-->com.mmc.linghit.internal:id/consult line31
[2019-11-22 23:15:11,679]-INFO: find__ 点击"点击...",定位方法: id-->com.mmc.linghit.internal:id/topbar_item_right_more line31
[2019-11-22 23:15:13,253]-INFO: find__ 点击"点击举报",定位方法: id-->com.mmc.linghit.internal:id/title line31
[2019-11-22 23:15:16,332]-INFO: find__ 点击"点击好评",定位方法: id-->com.mmc.linghit.internal:id/title line31
[2019-11-22 23:15:17,838]-INFO: find__ 点击"点击老师",定位方法: id-->com.mmc.linghit.internal:id/avatar line31
[2019-11-22 23:17:11,163]-INFO: find__ 点击"点击服务",定位方法: id-->com.mmc.linghit.internal:id/home_main_tab_ask line31
[2019-11-22 23:17:15,429]-INFO: find__ 点击"点击婚姻爱情",定位方法: text-->婚姻爱情 line31
[2019-11-22 23:17:16,342]-INFO: find__ 点击"点击老师",定位方法: id-->com.mmc.linghit.internal:id/avatar line31
[2019-11-22 23:17:18,374]-INFO: find__ 点击"点击马上提问",定位方法: id-->com.mmc.linghit.internal:id/ask_question_now line31
[2019-11-22 23:17:23,338]-INFO: find__ 点击"点击确认支付",定位方法: id-->com.mmc.linghit.internal:id/pay_confirm line31
[2019-11-22 23:17:24,032]-INFO: find__ 点击"点击返回",定位方法: id-->com.mmc.linghit.internal:id/topbar_item_left_back line31
[2019-11-22 23:17:26,790]-INFO: find__ 点击"点击返回",定位方法: id-->com.mmc.linghit.internal:id/topbar_item_left_back line31
[2019-11-22 23:17:27,933]-INFO: find__ 点击"点击私聊",定位方法: id-->com.mmc.linghit.internal:id/consult line31
[2019-11-22 23:17:48,319]-INFO: find__ 点击"点击好评",定位方法: id-->com.mmc.linghit.internal:id/title line31
[2019-11-22 23:17:48,497]-INFO: find__ 点击"点击老师",定位方法: id-->com.mmc.linghit.internal:id/avatar line31
[2019-11-22 23:18:31,790]-INFO: find__ 点击"点击服务",定位方法: id-->com.mmc.linghit.internal:id/home_main_tab_ask line31
[2019-11-22 23:18:36,155]-INFO: find__ 点击"点击婚姻爱情",定位方法: text-->婚姻爱情 line31
[2019-11-22 23:18:38,589]-INFO: find__ 点击"点击老师",定位方法: id-->com.mmc.linghit.internal:id/avatar line31
[2019-11-22 23:18:40,756]-INFO: find__ 点击"点击马上提问",定位方法: id-->com.mmc.linghit.internal:id/ask_question_now line31
[2019-11-22 23:18:46,245]-INFO: find__ 点击"点击确认支付",定位方法: id-->com.mmc.linghit.internal:id/pay_confirm line31
[2019-11-22 23:18:48,419]-INFO: find__ 点击"点击返回",定位方法: id-->com.mmc.linghit.internal:id/topbar_item_left_back line31
[2019-11-22 23:18:51,273]-INFO: find__ 点击"点击返回",定位方法: id-->com.mmc.linghit.internal:id/topbar_item_left_back line31
[2019-11-22 23:18:53,472]-INFO: find__ 点击"点击私聊",定位方法: id-->com.mmc.linghit.internal:id/consult line31
[2019-11-22 23:18:55,732]-INFO: find__ 点击"点击...",定位方法: id-->com.mmc.linghit.internal:id/topbar_item_right_more line31
[2019-11-22 23:18:59,893]-INFO: find__ 点击"点击举报",定位方法: id-->com.mmc.linghit.internal:id/title line31
[2019-11-22 23:19:01,260]-INFO: find__ 点击"输入内容",定位方法: id-->com.mmc.linghit.internal:id/reason line31
[2019-11-22 23:19:03,941]-INFO: find__ 点击"点击提交",定位方法: id-->com.mmc.linghit.internal:id/reason_commit line31
[2019-11-22 23:19:06,064]-INFO: find__ 点击"点击返回",定位方法: id-->com.mmc.linghit.internal:id/topbar_item_left_back line31
[2019-11-22 23:19:08,196]-INFO: find__ 点击"点击好评",定位方法: id-->com.mmc.linghit.internal:id/title line31
[2019-11-22 23:19:10,315]-INFO: find__ 点击"点击老师",定位方法: id-->com.mmc.linghit.internal:id/avatar line31
[2019-11-22 23:19:12,462]-INFO: find__ 点击"点击马上提问",定位方法: id-->com.mmc.linghit.internal:id/ask_question_now line31
[2019-11-22 23:19:14,715]-INFO: find__ 点击"输入元宝",定位方法: id-->com.mmc.linghit.internal:id/pay_title line31
[2019-11-22 23:19:17,621]-INFO: find__ 点击"点击返回",定位方法: id-->com.mmc.linghit.internal:id/topbar_item_left_back line31
[2019-11-22 23:19:39,835]-INFO: find__ 点击"点击已答数",定位方法: id-->com.mmc.linghit.internal:id/title line31
[2019-11-22 23:21:08,196]-INFO: find__ 点击"点击服务",定位方法: id-->com.mmc.linghit.internal:id/home_main_tab_ask line31
[2019-11-22 23:21:12,577]-INFO: find__ 点击"点击婚姻爱情",定位方法: text-->婚姻爱情 line31
[2019-11-22 23:21:15,053]-INFO: find__ 点击"点击老师",定位方法: id-->com.mmc.linghit.internal:id/avatar line31
[2019-11-22 23:21:17,551]-INFO: find__ 点击"点击马上提问",定位方法: id-->com.mmc.linghit.internal:id/ask_question_now line31
[2019-11-22 23:21:22,925]-INFO: find__ 点击"点击确认支付",定位方法: id-->com.mmc.linghit.internal:id/pay_confirm line31
[2019-11-22 23:21:25,088]-INFO: find__ 点击"点击返回",定位方法: id-->com.mmc.linghit.internal:id/topbar_item_left_back line31
[2019-11-22 23:21:28,278]-INFO: find__ 点击"点击返回",定位方法: id-->com.mmc.linghit.internal:id/topbar_item_left_back line31
[2019-11-22 23:21:30,409]-INFO: find__ 点击"点击私聊",定位方法: id-->com.mmc.linghit.internal:id/consult line31
[2019-11-22 23:21:32,632]-INFO: find__ 点击"点击...",定位方法: id-->com.mmc.linghit.internal:id/topbar_item_right_more line31
[2019-11-22 23:21:36,847]-INFO: find__ 点击"点击举报",定位方法: id-->com.mmc.linghit.internal:id/title line31
[2019-11-22 23:21:38,702]-INFO: find__ 点击"输入内容",定位方法: id-->com.mmc.linghit.internal:id/reason line31
[2019-11-22 23:21:41,370]-INFO: find__ 点击"点击提交",定位方法: id-->com.mmc.linghit.internal:id/reason_commit line31
[2019-11-22 23:21:43,564]-INFO: find__ 点击"点击返回",定位方法: id-->com.mmc.linghit.internal:id/topbar_item_left_back line31
[2019-11-22 23:21:45,758]-INFO: find__ 点击"点击好评",定位方法: id-->com.mmc.linghit.internal:id/title line31
[2019-11-22 23:21:47,967]-INFO: find__ 点击"点击老师",定位方法: id-->com.mmc.linghit.internal:id/avatar line31
[2019-11-22 23:21:50,121]-INFO: find__ 点击"点击马上提问",定位方法: id-->com.mmc.linghit.internal:id/ask_question_now line31
[2019-11-22 23:21:52,607]-INFO: find__ 点击"点击已答数",定位方法: id-->com.mmc.linghit.internal:id/title line31
[2019-11-22 23:22:53,172]-INFO: find__ 点击"点击服务",定位方法: id-->com.mmc.linghit.internal:id/home_main_tab_ask line31
[2019-11-22 23:22:57,534]-INFO: find__ 点击"点击婚姻爱情",定位方法: text-->婚姻爱情 line31
[2019-11-22 23:22:59,999]-INFO: find__ 点击"点击老师",定位方法: id-->com.mmc.linghit.internal:id/avatar line31
[2019-11-22 23:23:02,203]-INFO: find__ 点击"点击马上提问",定位方法: id-->com.mmc.linghit.internal:id/ask_question_now line31
[2019-11-22 23:23:07,565]-INFO: find__ 点击"点击确认支付",定位方法: id-->com.mmc.linghit.internal:id/pay_confirm line31
[2019-11-22 23:23:09,704]-INFO: find__ 点击"点击返回",定位方法: id-->com.mmc.linghit.internal:id/topbar_item_left_back line31
[2019-11-22 23:23:12,582]-INFO: find__ 点击"点击返回",定位方法: id-->com.mmc.linghit.internal:id/topbar_item_left_back line31
[2019-11-22 23:23:15,109]-INFO: find__ 点击"点击私聊",定位方法: id-->com.mmc.linghit.internal:id/consult line31
[2019-11-22 23:23:17,362]-INFO: find__ 点击"点击...",定位方法: id-->com.mmc.linghit.internal:id/topbar_item_right_more line31
[2019-11-22 23:23:21,512]-INFO: find__ 点击"点击举报",定位方法: id-->com.mmc.linghit.internal:id/title line31
[2019-11-22 23:23:23,050]-INFO: find__ 点击"输入内容",定位方法: id-->com.mmc.linghit.internal:id/reason line31
[2019-11-22 23:23:25,719]-INFO: find__ 点击"点击提交",定位方法: id-->com.mmc.linghit.internal:id/reason_commit line31
[2019-11-22 23:23:27,846]-INFO: find__ 点击"点击返回",定位方法: id-->com.mmc.linghit.internal:id/topbar_item_left_back line31
[2019-11-22 23:23:29,969]-INFO: find__ 点击"点击好评",定位方法: id-->com.mmc.linghit.internal:id/title line31
[2019-11-22 23:23:32,179]-INFO: find__ 点击"点击老师",定位方法: id-->com.mmc.linghit.internal:id/avatar line31
[2019-11-22 23:23:34,395]-INFO: find__ 点击"点击马上提问",定位方法: id-->com.mmc.linghit.internal:id/ask_question_now line31
[2019-11-22 23:23:39,365]-INFO: find__ 点击"点击确认支付",定位方法: id-->com.mmc.linghit.internal:id/pay_confirm line31
[2019-11-22 23:23:41,490]-INFO: find__ 点击"点击返回",定位方法: id-->com.mmc.linghit.internal:id/topbar_item_left_back line31
[2019-11-22 23:23:44,226]-INFO: find__ 点击"点击返回",定位方法: id-->com.mmc.linghit.internal:id/topbar_item_left_back line31
[2019-11-22 23:23:46,378]-INFO: find__ 点击"点击已答数",定位方法: id-->com.mmc.linghit.internal:id/title line31
[2019-11-22 23:23:48,512]-INFO: find__ 点击"点击老师",定位方法: id-->com.mmc.linghit.internal:id/avatar line31
[2019-11-22 23:23:50,914]-INFO: find__ 点击"点击马上提问",定位方法: id-->com.mmc.linghit.internal:id/ask_question_now line31
[2019-11-22 23:23:53,268]-INFO: find__ 点击"输入元宝",定位方法: id-->com.mmc.linghit.internal:id/pay_title line31
[2019-11-22 23:23:56,132]-INFO: find__ 点击"点击返回",定位方法: id-->com.mmc.linghit.internal:id/topbar_item_left_back line31
[2019-11-22 23:24:18,274]-INFO: find__ 点击"点击事业财运",定位方法: text-->事业财运 line31
[2019-11-22 23:25:19,673]-INFO: find__ 点击"点击服务",定位方法: id-->com.mmc.linghit.internal:id/home_main_tab_ask line31
[2019-11-22 23:25:24,396]-INFO: find__ 点击"点击婚姻爱情",定位方法: text-->婚姻爱情 line31
[2019-11-22 23:25:26,853]-INFO: find__ 点击"点击老师",定位方法: id-->com.mmc.linghit.internal:id/avatar line31
[2019-11-22 23:25:29,114]-INFO: find__ 点击"点击马上提问",定位方法: id-->com.mmc.linghit.internal:id/ask_question_now line31
[2019-11-22 23:25:34,465]-INFO: find__ 点击"点击确认支付",定位方法: id-->com.mmc.linghit.internal:id/pay_confirm line31
[2019-11-22 23:25:36,587]-INFO: find__ 点击"点击返回",定位方法: id-->com.mmc.linghit.internal:id/topbar_item_left_back line31
[2019-11-22 23:25:39,656]-INFO: find__ 点击"点击返回",定位方法: id-->com.mmc.linghit.internal:id/topbar_item_left_back line31
[2019-11-22 23:25:41,785]-INFO: find__ 点击"点击私聊",定位方法: id-->com.mmc.linghit.internal:id/consult line31
[2019-11-22 23:25:43,944]-INFO: find__ 点击"点击...",定位方法: id-->com.mmc.linghit.internal:id/topbar_item_right_more line31
[2019-11-22 23:25:48,070]-INFO: find__ 点击"点击举报",定位方法: id-->com.mmc.linghit.internal:id/title line31
[2019-11-22 23:25:49,617]-INFO: find__ 点击"输入内容",定位方法: id-->com.mmc.linghit.internal:id/reason line31
[2019-11-22 23:25:52,216]-INFO: find__ 点击"点击提交",定位方法: id-->com.mmc.linghit.internal:id/reason_commit line31
[2019-11-22 23:25:54,330]-INFO: find__ 点击"点击返回",定位方法: id-->com.mmc.linghit.internal:id/topbar_item_left_back line31
[2019-11-22 23:25:56,458]-INFO: find__ 点击"点击好评",定位方法: id-->com.mmc.linghit.internal:id/title line31
[2019-11-22 23:25:58,577]-INFO: find__ 点击"点击老师",定位方法: id-->com.mmc.linghit.internal:id/avatar line31
[2019-11-22 23:26:00,718]-INFO: find__ 点击"点击马上提问",定位方法: id-->com.mmc.linghit.internal:id/ask_question_now line31
[2019-11-22 23:26:04,995]-INFO: find__ 点击"点击确认支付",定位方法: id-->com.mmc.linghit.internal:id/pay_confirm line31
[2019-11-22 23:26:07,099]-INFO: find__ 点击"点击返回",定位方法: id-->com.mmc.linghit.internal:id/topbar_item_left_back line31
[2019-11-22 23:26:09,750]-INFO: find__ 点击"点击返回",定位方法: id-->com.mmc.linghit.internal:id/topbar_item_left_back line31
[2019-11-22 23:26:11,852]-INFO: find__ 点击"点击已答数",定位方法: id-->com.mmc.linghit.internal:id/title line31
[2019-11-22 23:26:13,946]-INFO: find__ 点击"点击老师",定位方法: id-->com.mmc.linghit.internal:id/avatar line31
[2019-11-22 23:26:16,129]-INFO: find__ 点击"点击马上提问",定位方法: id-->com.mmc.linghit.internal:id/ask_question_now line31
[2019-11-22 23:26:22,374]-INFO: find__ 点击"点击确认支付",定位方法: id-->com.mmc.linghit.internal:id/pay_confirm line31
[2019-11-22 23:26:24,526]-INFO: find__ 点击"点击返回",定位方法: id-->com.mmc.linghit.internal:id/topbar_item_left_back line31
[2019-11-22 23:26:27,425]-INFO: find__ 点击"点击返回",定位方法: id-->com.mmc.linghit.internal:id/topbar_item_left_back line31
[2019-11-22 23:26:29,549]-INFO: find__ 点击"点击返回",定位方法: id-->com.mmc.linghit.internal:id/topbar_item_left_back line31
[2019-11-22 23:26:31,653]-INFO: find__ 点击"点击事业财运",定位方法: text-->事业财运 line31
[2019-11-22 23:26:35,526]-INFO: find__ 点击"点击老师",定位方法: id-->com.mmc.linghit.internal:id/avatar line31
[2019-11-22 23:26:37,665]-INFO: find__ 点击"点击马上提问",定位方法: id-->com.mmc.linghit.internal:id/ask_question_now line31
[2019-11-22 23:26:40,681]-INFO: find__ 点击"点击私聊",定位方法: id-->com.mmc.linghit.internal:id/consult line31
[2019-11-22 23:31:49,024]-INFO: find__ 点击"点击服务",定位方法: id-->com.mmc.linghit.internal:id/home_main_tab_ask line31
[2019-11-22 23:31:53,527]-INFO: find__ 点击"点击婚姻爱情",定位方法: text-->婚姻爱情 line31
[2019-11-22 23:31:55,963]-INFO: find__ 点击"点击老师",定位方法: id-->com.mmc.linghit.internal:id/avatar line31
[2019-11-22 23:31:58,183]-INFO: find__ 点击"点击马上提问",定位方法: id-->com.mmc.linghit.internal:id/ask_question_now line31
[2019-11-22 23:32:03,458]-INFO: find__ 点击"点击确认支付",定位方法: id-->com.mmc.linghit.internal:id/pay_confirm line31
[2019-11-22 23:32:05,589]-INFO: find__ 点击"点击返回",定位方法: id-->com.mmc.linghit.internal:id/topbar_item_left_back line31
[2019-11-22 23:32:08,512]-INFO: find__ 点击"点击返回",定位方法: id-->com.mmc.linghit.internal:id/topbar_item_left_back line31
[2019-11-22 23:32:10,685]-INFO: find__ 点击"点击私聊",定位方法: id-->com.mmc.linghit.internal:id/consult line31
[2019-11-22 23:32:12,945]-INFO: find__ 点击"点击...",定位方法: id-->com.mmc.linghit.internal:id/topbar_item_right_more line31
[2019-11-22 23:32:17,079]-INFO: find__ 点击"点击举报",定位方法: id-->com.mmc.linghit.internal:id/title line31
[2019-11-22 23:32:18,829]-INFO: find__ 点击"输入内容",定位方法: id-->com.mmc.linghit.internal:id/reason line31
[2019-11-22 23:32:21,449]-INFO: find__ 点击"点击提交",定位方法: id-->com.mmc.linghit.internal:id/reason_commit line31
[2019-11-22 23:32:23,568]-INFO: find__ 点击"点击返回",定位方法: id-->com.mmc.linghit.internal:id/topbar_item_left_back line31
[2019-11-22 23:32:25,700]-INFO: find__ 点击"点击好评",定位方法: id-->com.mmc.linghit.internal:id/title line31
[2019-11-22 23:32:27,884]-INFO: find__ 点击"点击老师",定位方法: id-->com.mmc.linghit.internal:id/avatar line31
[2019-11-22 23:32:29,996]-INFO: find__ 点击"点击马上提问",定位方法: id-->com.mmc.linghit.internal:id/ask_question_now line31
[2019-11-22 23:32:34,244]-INFO: find__ 点击"点击确认支付",定位方法: id-->com.mmc.linghit.internal:id/pay_confirm line31
[2019-11-22 23:32:36,335]-INFO: find__ 点击"点击返回",定位方法: id-->com.mmc.linghit.internal:id/topbar_item_left_back line31
[2019-11-22 23:32:39,236]-INFO: find__ 点击"点击返回",定位方法: id-->com.mmc.linghit.internal:id/topbar_item_left_back line31
[2019-11-22 23:32:41,351]-INFO: find__ 点击"点击已答数",定位方法: id-->com.mmc.linghit.internal:id/title line31
[2019-11-22 23:32:43,450]-INFO: find__ 点击"点击老师",定位方法: id-->com.mmc.linghit.internal:id/avatar line31
[2019-11-22 23:32:45,566]-INFO: find__ 点击"点击马上提问",定位方法: id-->com.mmc.linghit.internal:id/ask_question_now line31
[2019-11-22 23:32:52,014]-INFO: find__ 点击"点击确认支付",定位方法: id-->com.mmc.linghit.internal:id/pay_confirm line31
[2019-11-22 23:32:54,139]-INFO: find__ 点击"点击返回",定位方法: id-->com.mmc.linghit.internal:id/topbar_item_left_back line31
[2019-11-22 23:32:56,980]-INFO: find__ 点击"点击返回",定位方法: id-->com.mmc.linghit.internal:id/topbar_item_left_back line31
[2019-11-22 23:32:59,117]-INFO: find__ 点击"点击返回",定位方法: id-->com.mmc.linghit.internal:id/topbar_item_left_back line31
[2019-11-22 23:33:03,506]-INFO: find__ 点击"点击私聊",定位方法: id-->com.mmc.linghit.internal:id/consult line31
[2019-11-22 23:33:25,667]-INFO: find__ 点击"点击好评",定位方法: id-->com.mmc.linghit.internal:id/title line31
[2019-11-22 23:36:17,682]-INFO: find__ 点击"点击服务",定位方法: id-->com.mmc.linghit.internal:id/home_main_tab_ask line31
[2019-11-22 23:36:22,088]-INFO: find__ 点击"点击婚姻爱情",定位方法: text-->婚姻爱情 line31
[2019-11-22 23:36:24,474]-INFO: find__ 点击"点击老师",定位方法: id-->com.mmc.linghit.internal:id/avatar line31
[2019-11-22 23:36:26,611]-INFO: find__ 点击"点击马上提问",定位方法: id-->com.mmc.linghit.internal:id/ask_question_now line31
[2019-11-22 23:36:32,062]-INFO: find__ 点击"点击确认支付",定位方法: id-->com.mmc.linghit.internal:id/pay_confirm line31
[2019-11-22 23:36:34,184]-INFO: find__ 点击"点击返回",定位方法: id-->com.mmc.linghit.internal:id/topbar_item_left_back line31
[2019-11-22 23:36:37,110]-INFO: find__ 点击"点击返回",定位方法: id-->com.mmc.linghit.internal:id/topbar_item_left_back line31
[2019-11-22 23:36:39,319]-INFO: find__ 点击"点击私聊",定位方法: id-->com.mmc.linghit.internal:id/consult line31
[2019-11-22 23:36:41,477]-INFO: find__ 点击"点击...",定位方法: id-->com.mmc.linghit.internal:id/topbar_item_right_more line31
[2019-11-22 23:36:45,579]-INFO: find__ 点击"点击举报",定位方法: id-->com.mmc.linghit.internal:id/title line31
[2019-11-22 23:36:47,093]-INFO: find__ 点击"输入内容",定位方法: id-->com.mmc.linghit.internal:id/reason line31
[2019-11-22 23:36:49,769]-INFO: find__ 点击"点击提交",定位方法: id-->com.mmc.linghit.internal:id/reason_commit line31
[2019-11-22 23:36:51,894]-INFO: find__ 点击"点击返回",定位方法: id-->com.mmc.linghit.internal:id/topbar_item_left_back line31
[2019-11-22 23:36:54,044]-INFO: find__ 点击"点击好评",定位方法: id-->com.mmc.linghit.internal:id/title line31
[2019-11-22 23:36:56,178]-INFO: find__ 点击"点击老师",定位方法: id-->com.mmc.linghit.internal:id/avatar line31
[2019-11-22 23:36:58,286]-INFO: find__ 点击"点击马上提问",定位方法: id-->com.mmc.linghit.internal:id/ask_question_now line31
[2019-11-22 23:37:02,561]-INFO: find__ 点击"点击确认支付",定位方法: id-->com.mmc.linghit.internal:id/pay_confirm line31
[2019-11-22 23:37:04,684]-INFO: find__ 点击"点击返回",定位方法: id-->com.mmc.linghit.internal:id/topbar_item_left_back line31
[2019-11-22 23:37:07,402]-INFO: find__ 点击"点击返回",定位方法: id-->com.mmc.linghit.internal:id/topbar_item_left_back line31
[2019-11-22 23:37:09,513]-INFO: find__ 点击"点击已答数",定位方法: id-->com.mmc.linghit.internal:id/title line31
[2019-11-22 23:37:11,605]-INFO: find__ 点击"点击老师",定位方法: id-->com.mmc.linghit.internal:id/avatar line31
[2019-11-22 23:37:13,773]-INFO: find__ 点击"点击马上提问",定位方法: id-->com.mmc.linghit.internal:id/ask_question_now line31
[2019-11-22 23:37:20,052]-INFO: find__ 点击"点击确认支付",定位方法: id-->com.mmc.linghit.internal:id/pay_confirm line31
[2019-11-22 23:37:22,196]-INFO: find__ 点击"点击返回",定位方法: id-->com.mmc.linghit.internal:id/topbar_item_left_back line31
[2019-11-22 23:37:24,916]-INFO: find__ 点击"点击返回",定位方法: id-->com.mmc.linghit.internal:id/topbar_item_left_back line31
[2019-11-22 23:37:27,000]-INFO: find__ 点击"点击返回",定位方法: id-->com.mmc.linghit.internal:id/topbar_item_left_back line31
[2019-11-22 23:37:34,271]-INFO: find__ 点击"点击私聊",定位方法: id-->com.mmc.linghit.internal:id/consult line31
[2019-11-22 23:37:56,382]-INFO: find__ 点击"点击好评",定位方法: id-->com.mmc.linghit.internal:id/title line31
[2019-11-22 23:39:30,564]-INFO: find__ 点击"点击服务",定位方法: id-->com.mmc.linghit.internal:id/home_main_tab_ask line31
[2019-11-22 23:39:35,064]-INFO: find__ 点击"点击婚姻爱情",定位方法: text-->婚姻爱情 line31
[2019-11-22 23:39:37,465]-INFO: find__ 点击"点击老师",定位方法: id-->com.mmc.linghit.internal:id/avatar line31
[2019-11-22 23:39:39,617]-INFO: find__ 点击"点击马上提问",定位方法: id-->com.mmc.linghit.internal:id/ask_question_now line31
[2019-11-22 23:39:44,998]-INFO: find__ 点击"点击确认支付",定位方法: id-->com.mmc.linghit.internal:id/pay_confirm line31
[2019-11-22 23:39:47,109]-INFO: find__ 点击"点击返回",定位方法: id-->com.mmc.linghit.internal:id/topbar_item_left_back line31
[2019-11-22 23:39:49,969]-INFO: find__ 点击"点击返回",定位方法: id-->com.mmc.linghit.internal:id/topbar_item_left_back line31
[2019-11-22 23:39:52,114]-INFO: find__ 点击"点击私聊",定位方法: id-->com.mmc.linghit.internal:id/consult line31
[2019-11-22 23:39:54,525]-INFO: find__ 点击"点击...",定位方法: id-->com.mmc.linghit.internal:id/topbar_item_right_more line31
[2019-11-22 23:39:58,650]-INFO: find__ 点击"点击举报",定位方法: id-->com.mmc.linghit.internal:id/title line31
[2019-11-22 23:40:00,358]-INFO: find__ 点击"输入内容",定位方法: id-->com.mmc.linghit.internal:id/reason line31
[2019-11-22 23:40:02,944]-INFO: find__ 点击"点击提交",定位方法: id-->com.mmc.linghit.internal:id/reason_commit line31
[2019-11-22 23:40:05,078]-INFO: find__ 点击"点击返回",定位方法: id-->com.mmc.linghit.internal:id/topbar_item_left_back line31
[2019-11-22 23:40:07,233]-INFO: find__ 点击"点击好评",定位方法: id-->com.mmc.linghit.internal:id/title line31
[2019-11-22 23:40:09,340]-INFO: find__ 点击"点击老师",定位方法: id-->com.mmc.linghit.internal:id/avatar line31
[2019-11-22 23:40:11,497]-INFO: find__ 点击"点击马上提问",定位方法: id-->com.mmc.linghit.internal:id/ask_question_now line31
[2019-11-22 23:40:15,770]-INFO: find__ 点击"点击确认支付",定位方法: id-->com.mmc.linghit.internal:id/pay_confirm line31
[2019-11-22 23:40:17,879]-INFO: find__ 点击"点击返回",定位方法: id-->com.mmc.linghit.internal:id/topbar_item_left_back line31
[2019-11-22 23:40:20,716]-INFO: find__ 点击"点击返回",定位方法: id-->com.mmc.linghit.internal:id/topbar_item_left_back line31
[2019-11-22 23:40:22,824]-INFO: find__ 点击"点击已答数",定位方法: id-->com.mmc.linghit.internal:id/title line31
[2019-11-22 23:40:24,941]-INFO: find__ 点击"点击老师",定位方法: id-->com.mmc.linghit.internal:id/avatar line31
[2019-11-22 23:40:27,086]-INFO: find__ 点击"点击马上提问",定位方法: id-->com.mmc.linghit.internal:id/ask_question_now line31
[2019-11-22 23:40:33,393]-INFO: find__ 点击"点击确认支付",定位方法: id-->com.mmc.linghit.internal:id/pay_confirm line31
[2019-11-22 23:40:35,520]-INFO: find__ 点击"点击返回",定位方法: id-->com.mmc.linghit.internal:id/topbar_item_left_back line31
[2019-11-22 23:40:39,246]-INFO: find__ 点击"点击返回",定位方法: id-->com.mmc.linghit.internal:id/topbar_item_left_back line31
[2019-11-22 23:40:41,379]-INFO: find__ 点击"点击返回",定位方法: id-->com.mmc.linghit.internal:id/topbar_item_left_back line31
[2019-11-22 23:40:49,415]-INFO: find__ 点击"点击老师",定位方法: id-->com.mmc.linghit.internal:id/avatar line31
[2019-11-22 23:40:51,542]-INFO: find__ 点击"点击马上提问",定位方法: id-->com.mmc.linghit.internal:id/ask_question_now line31
[2019-11-22 23:40:56,986]-INFO: find__ 点击"点击确认支付",定位方法: id-->com.mmc.linghit.internal:id/pay_confirm line31
[2019-11-22 23:40:59,563]-INFO: find__ 点击"点击返回",定位方法: id-->com.mmc.linghit.internal:id/topbar_item_left_back line31
[2019-11-22 23:41:02,445]-INFO: find__ 点击"点击返回",定位方法: id-->com.mmc.linghit.internal:id/topbar_item_left_back line31
[2019-11-22 23:41:04,530]-INFO: find__ 点击"点击私聊",定位方法: id-->com.mmc.linghit.internal:id/consult line31
[2019-11-22 23:41:06,674]-INFO: find__ 点击"点击...",定位方法: id-->com.mmc.linghit.internal:id/topbar_item_right_more line31
[2019-11-22 23:41:10,834]-INFO: find__ 点击"点击举报",定位方法: id-->com.mmc.linghit.internal:id/title line31
[2019-11-22 23:41:12,538]-INFO: find__ 点击"输入内容",定位方法: id-->com.mmc.linghit.internal:id/reason line31
[2019-11-22 23:41:15,117]-INFO: find__ 点击"点击提交",定位方法: id-->com.mmc.linghit.internal:id/reason_commit line31
[2019-11-22 23:41:17,204]-INFO: find__ 点击"点击返回",定位方法: id-->com.mmc.linghit.internal:id/topbar_item_left_back line31
[2019-11-22 23:41:19,326]-INFO: find__ 点击"点击好评",定位方法: id-->com.mmc.linghit.internal:id/title line31
[2019-11-22 23:41:21,432]-INFO: find__ 点击"点击老师",定位方法: id-->com.mmc.linghit.internal:id/avatar line31
[2019-11-22 23:41:23,566]-INFO: find__ 点击"点击马上提问",定位方法: id-->com.mmc.linghit.internal:id/ask_question_now line31
[2019-11-22 23:41:28,883]-INFO: find__ 点击"点击确认支付",定位方法: id-->com.mmc.linghit.internal:id/pay_confirm line31
[2019-11-22 23:41:30,993]-INFO: find__ 点击"点击返回",定位方法: id-->com.mmc.linghit.internal:id/topbar_item_left_back line31
[2019-11-22 23:41:33,133]-INFO: find__ 点击"点击返回",定位方法: id-->com.mmc.linghit.internal:id/topbar_item_left_back line31
[2019-11-22 23:41:35,222]-INFO: find__ 点击"点击已答数",定位方法: id-->com.mmc.linghit.internal:id/title line31
[2019-11-22 23:41:37,359]-INFO: find__ 点击"点击老师",定位方法: id-->com.mmc.linghit.internal:id/avatar line31
[2019-11-22 23:41:39,498]-INFO: find__ 点击"点击马上提问",定位方法: id-->com.mmc.linghit.internal:id/ask_question_now line31
[2019-11-22 23:41:46,167]-INFO: find__ 点击"点击确认支付",定位方法: id-->com.mmc.linghit.internal:id/pay_confirm line31
[2019-11-22 23:41:48,264]-INFO: find__ 点击"点击返回",定位方法: id-->com.mmc.linghit.internal:id/topbar_item_left_back line31
[2019-11-22 23:41:51,170]-INFO: find__ 点击"点击返回",定位方法: id-->com.mmc.linghit.internal:id/topbar_item_left_back line31
[2019-11-22 23:41:53,290]-INFO: find__ 点击"点击返回",定位方法: id-->com.mmc.linghit.internal:id/topbar_item_left_back line31
[2019-11-22 23:41:58,732]-INFO: find__ 点击"点击私聊",定位方法: id-->com.mmc.linghit.internal:id/consult line31
[2019-11-22 23:44:23,183]-INFO: find__ 点击"点击服务",定位方法: id-->com.mmc.linghit.internal:id/home_main_tab_ask line31
[2019-11-22 23:44:27,621]-INFO: find__ 点击"点击婚姻爱情",定位方法: text-->婚姻爱情 line31
[2019-11-22 23:44:30,024]-INFO: find__ 点击"点击老师",定位方法: id-->com.mmc.linghit.internal:id/avatar line31
[2019-11-22 23:44:32,235]-INFO: find__ 点击"点击马上提问",定位方法: id-->com.mmc.linghit.internal:id/ask_question_now line31
[2019-11-22 23:44:37,855]-INFO: find__ 点击"点击确认支付",定位方法: id-->com.mmc.linghit.internal:id/pay_confirm line31
[2019-11-22 23:44:39,993]-INFO: find__ 点击"点击返回",定位方法: id-->com.mmc.linghit.internal:id/topbar_item_left_back line31
[2019-11-22 23:44:43,228]-INFO: find__ 点击"点击返回",定位方法: id-->com.mmc.linghit.internal:id/topbar_item_left_back line31
[2019-11-22 23:44:45,357]-INFO: find__ 点击"点击私聊",定位方法: id-->com.mmc.linghit.internal:id/consult line31
[2019-11-22 23:44:47,527]-INFO: find__ 点击"点击...",定位方法: id-->com.mmc.linghit.internal:id/topbar_item_right_more line31
[2019-11-22 23:44:51,687]-INFO: find__ 点击"点击举报",定位方法: id-->com.mmc.linghit.internal:id/title line31
[2019-11-22 23:44:52,322]-INFO: find__ 点击"输入内容",定位方法: id-->com.mmc.linghit.internal:id/reason line31
[2019-11-22 23:44:56,267]-INFO: find__ 点击"点击提交",定位方法: id-->com.mmc.linghit.internal:id/reason_commit line31
[2019-11-22 23:44:58,402]-INFO: find__ 点击"点击返回",定位方法: id-->com.mmc.linghit.internal:id/topbar_item_left_back line31
[2019-11-22 23:45:00,534]-INFO: find__ 点击"点击好评",定位方法: id-->com.mmc.linghit.internal:id/title line31
[2019-11-22 23:45:02,672]-INFO: find__ 点击"点击老师",定位方法: id-->com.mmc.linghit.internal:id/avatar line31
[2019-11-22 23:45:04,842]-INFO: find__ 点击"点击马上提问",定位方法: id-->com.mmc.linghit.internal:id/ask_question_now line31
[2019-11-22 23:45:09,279]-INFO: find__ 点击"点击确认支付",定位方法: id-->com.mmc.linghit.internal:id/pay_confirm line31
[2019-11-22 23:45:11,386]-INFO: find__ 点击"点击返回",定位方法: id-->com.mmc.linghit.internal:id/topbar_item_left_back line31
[2019-11-22 23:45:14,201]-INFO: find__ 点击"点击返回",定位方法: id-->com.mmc.linghit.internal:id/topbar_item_left_back line31
[2019-11-22 23:45:16,291]-INFO: find__ 点击"点击已答数",定位方法: id-->com.mmc.linghit.internal:id/title line31
[2019-11-22 23:45:18,396]-INFO: find__ 点击"点击老师",定位方法: id-->com.mmc.linghit.internal:id/avatar line31
[2019-11-22 23:45:20,534]-INFO: find__ 点击"点击马上提问",定位方法: id-->com.mmc.linghit.internal:id/ask_question_now line31
[2019-11-22 23:45:27,378]-INFO: find__ 点击"点击确认支付",定位方法: id-->com.mmc.linghit.internal:id/pay_confirm line31
[2019-11-22 23:45:29,470]-INFO: find__ 点击"点击返回",定位方法: id-->com.mmc.linghit.internal:id/topbar_item_left_back line31
[2019-11-22 23:45:32,339]-INFO: find__ 点击"点击返回",定位方法: id-->com.mmc.linghit.internal:id/topbar_item_left_back line31
[2019-11-22 23:45:34,438]-INFO: find__ 点击"点击返回",定位方法: id-->com.mmc.linghit.internal:id/topbar_item_left_back line31
[2019-11-22 23:45:43,414]-INFO: find__ 点击"点击老师",定位方法: id-->com.mmc.linghit.internal:id/avatar line31
[2019-11-22 23:45:45,504]-INFO: find__ 点击"点击马上提问",定位方法: id-->com.mmc.linghit.internal:id/ask_question_now line31
[2019-11-22 23:45:51,201]-INFO: find__ 点击"点击确认支付",定位方法: id-->com.mmc.linghit.internal:id/pay_confirm line31
[2019-11-22 23:45:53,452]-INFO: find__ 点击"点击返回",定位方法: id-->com.mmc.linghit.internal:id/topbar_item_left_back line31
[2019-11-22 23:45:56,785]-INFO: find__ 点击"点击返回",定位方法: id-->com.mmc.linghit.internal:id/topbar_item_left_back line31
[2019-11-22 23:45:58,918]-INFO: find__ 点击"点击私聊",定位方法: id-->com.mmc.linghit.internal:id/consult line31
[2019-11-22 23:46:01,074]-INFO: find__ 点击"点击...",定位方法: id-->com.mmc.linghit.internal:id/topbar_item_right_more line31
[2019-11-22 23:46:05,188]-INFO: find__ 点击"点击举报",定位方法: id-->com.mmc.linghit.internal:id/title line31
[2019-11-22 23:46:06,592]-INFO: find__ 点击"输入内容",定位方法: id-->com.mmc.linghit.internal:id/reason line31
[2019-11-22 23:46:09,252]-INFO: find__ 点击"点击提交",定位方法: id-->com.mmc.linghit.internal:id/reason_commit line31
[2019-11-22 23:46:11,329]-INFO: find__ 点击"点击返回",定位方法: id-->com.mmc.linghit.internal:id/topbar_item_left_back line31
[2019-11-22 23:46:13,405]-INFO: find__ 点击"点击好评",定位方法: id-->com.mmc.linghit.internal:id/title line31
[2019-11-22 23:46:15,508]-INFO: find__ 点击"点击老师",定位方法: id-->com.mmc.linghit.internal:id/avatar line31
[2019-11-22 23:46:17,613]-INFO: find__ 点击"点击马上提问",定位方法: id-->com.mmc.linghit.internal:id/ask_question_now line31
[2019-11-22 23:46:22,094]-INFO: find__ 点击"点击确认支付",定位方法: id-->com.mmc.linghit.internal:id/pay_confirm line31
[2019-11-22 23:46:24,216]-INFO: find__ 点击"点击返回",定位方法: id-->com.mmc.linghit.internal:id/topbar_item_left_back line31
[2019-11-22 23:46:26,431]-INFO: find__ 点击"点击返回",定位方法: id-->com.mmc.linghit.internal:id/topbar_item_left_back line31
[2019-11-22 23:46:28,520]-INFO: find__ 点击"点击已答数",定位方法: id-->com.mmc.linghit.internal:id/title line31
[2019-11-22 23:46:30,624]-INFO: find__ 点击"点击老师",定位方法: id-->com.mmc.linghit.internal:id/avatar line31
[2019-11-22 23:46:32,713]-INFO: find__ 点击"点击马上提问",定位方法: id-->com.mmc.linghit.internal:id/ask_question_now line31
[2019-11-22 23:46:39,128]-INFO: find__ 点击"点击确认支付",定位方法: id-->com.mmc.linghit.internal:id/pay_confirm line31
[2019-11-22 23:46:41,222]-INFO: find__ 点击"点击返回",定位方法: id-->com.mmc.linghit.internal:id/topbar_item_left_back line31
[2019-11-22 23:46:44,127]-INFO: find__ 点击"点击返回",定位方法: id-->com.mmc.linghit.internal:id/topbar_item_left_back line31
[2019-11-22 23:46:46,204]-INFO: find__ 点击"点击返回",定位方法: id-->com.mmc.linghit.internal:id/topbar_item_left_back line31
[2019-11-22 23:46:53,528]-INFO: find__ 点击"点击老师",定位方法: id-->com.mmc.linghit.internal:id/avatar line31
[2019-11-22 23:46:55,720]-INFO: find__ 点击"点击马上提问",定位方法: id-->com.mmc.linghit.internal:id/ask_question_now line31
[2019-11-22 23:47:01,202]-INFO: find__ 点击"点击确认支付",定位方法: id-->com.mmc.linghit.internal:id/pay_confirm line31
[2019-11-22 23:47:03,301]-INFO: find__ 点击"点击返回",定位方法: id-->com.mmc.linghit.internal:id/topbar_item_left_back line31
[2019-11-22 23:47:06,089]-INFO: find__ 点击"点击返回",定位方法: id-->com.mmc.linghit.internal:id/topbar_item_left_back line31
[2019-11-22 23:47:08,206]-INFO: find__ 点击"点击私聊",定位方法: id-->com.mmc.linghit.internal:id/consult line31
[2019-11-22 23:47:10,337]-INFO: find__ 点击"点击...",定位方法: id-->com.mmc.linghit.internal:id/topbar_item_right_more line31
[2019-11-22 23:47:14,501]-INFO: find__ 点击"点击举报",定位方法: id-->com.mmc.linghit.internal:id/title line31
[2019-11-22 23:47:15,844]-INFO: find__ 点击"输入内容",定位方法: id-->com.mmc.linghit.internal:id/reason line31
[2019-11-22 23:47:18,471]-INFO: find__ 点击"点击提交",定位方法: id-->com.mmc.linghit.internal:id/reason_commit line31
[2019-11-22 23:47:20,584]-INFO: find__ 点击"点击返回",定位方法: id-->com.mmc.linghit.internal:id/topbar_item_left_back line31
[2019-11-22 23:47:22,718]-INFO: find__ 点击"点击好评",定位方法: id-->com.mmc.linghit.internal:id/title line31
[2019-11-22 23:47:24,862]-INFO: find__ 点击"点击老师",定位方法: id-->com.mmc.linghit.internal:id/avatar line31
[2019-11-22 23:47:26,986]-INFO: find__ 点击"点击马上提问",定位方法: id-->com.mmc.linghit.internal:id/ask_question_now line31
[2019-11-22 23:47:31,493]-INFO: find__ 点击"点击确认支付",定位方法: id-->com.mmc.linghit.internal:id/pay_confirm line31
[2019-11-22 23:47:33,603]-INFO: find__ 点击"点击返回",定位方法: id-->com.mmc.linghit.internal:id/topbar_item_left_back line31
[2019-11-22 23:47:36,384]-INFO: find__ 点击"点击返回",定位方法: id-->com.mmc.linghit.internal:id/topbar_item_left_back line31
[2019-11-22 23:47:38,497]-INFO: find__ 点击"点击已答数",定位方法: id-->com.mmc.linghit.internal:id/title line31
[2019-11-22 23:47:40,613]-INFO: find__ 点击"点击老师",定位方法: id-->com.mmc.linghit.internal:id/avatar line31
[2019-11-22 23:47:42,751]-INFO: find__ 点击"点击马上提问",定位方法: id-->com.mmc.linghit.internal:id/ask_question_now line31
[2019-11-22 23:47:49,184]-INFO: find__ 点击"点击确认支付",定位方法: id-->com.mmc.linghit.internal:id/pay_confirm line31
[2019-11-22 23:47:51,291]-INFO: find__ 点击"点击返回",定位方法: id-->com.mmc.linghit.internal:id/topbar_item_left_back line31
[2019-11-22 23:47:54,075]-INFO: find__ 点击"点击返回",定位方法: id-->com.mmc.linghit.internal:id/topbar_item_left_back line31
[2019-11-22 23:47:56,186]-INFO: find__ 点击"点击返回",定位方法: id-->com.mmc.linghit.internal:id/topbar_item_left_back line31
[2019-11-22 23:47:58,300]-INFO: find__ 点击"点击已答数",定位方法: id-->com.mmc.linghit.internal:id/title line31
[2019-11-22 23:48:20,342]-INFO: find__ 点击"点击私聊",定位方法: id-->com.mmc.linghit.internal:id/consult line31
[2019-11-22 23:48:42,567]-INFO: find__ 点击"点击好评",定位方法: id-->com.mmc.linghit.internal:id/title line31
[2019-11-22 23:50:08,583]-INFO: find__ 点击"点击服务",定位方法: id-->com.mmc.linghit.internal:id/home_main_tab_ask line31
[2019-11-22 23:50:13,188]-INFO: find__ 点击"点击婚姻爱情",定位方法: text-->婚姻爱情 line31
[2019-11-22 23:50:15,573]-INFO: find__ 点击"点击老师",定位方法: id-->com.mmc.linghit.internal:id/avatar line31
[2019-11-22 23:50:17,779]-INFO: find__ 点击"点击马上提问",定位方法: id-->com.mmc.linghit.internal:id/ask_question_now line31
[2019-11-22 23:50:23,416]-INFO: find__ 点击"点击确认支付",定位方法: id-->com.mmc.linghit.internal:id/pay_confirm line31
[2019-11-22 23:50:25,505]-INFO: find__ 点击"点击返回",定位方法: id-->com.mmc.linghit.internal:id/topbar_item_left_back line31
[2019-11-22 23:50:28,491]-INFO: find__ 点击"点击返回",定位方法: id-->com.mmc.linghit.internal:id/topbar_item_left_back line31
[2019-11-22 23:50:30,586]-INFO: find__ 点击"点击私聊",定位方法: id-->com.mmc.linghit.internal:id/consult line31
[2019-11-22 23:50:32,761]-INFO: find__ 点击"点击...",定位方法: id-->com.mmc.linghit.internal:id/topbar_item_right_more line31
[2019-11-22 23:50:36,909]-INFO: find__ 点击"点击举报",定位方法: id-->com.mmc.linghit.internal:id/title line31
[2019-11-22 23:50:38,663]-INFO: find__ 点击"输入内容",定位方法: id-->com.mmc.linghit.internal:id/reason line31
[2019-11-22 23:50:41,301]-INFO: find__ 点击"点击提交",定位方法: id-->com.mmc.linghit.internal:id/reason_commit line31
[2019-11-22 23:50:43,399]-INFO: find__ 点击"点击返回",定位方法: id-->com.mmc.linghit.internal:id/topbar_item_left_back line31
[2019-11-22 23:50:45,476]-INFO: find__ 点击"点击好评",定位方法: id-->com.mmc.linghit.internal:id/title line31
[2019-11-22 23:50:47,617]-INFO: find__ 点击"点击老师",定位方法: id-->com.mmc.linghit.internal:id/avatar line31
[2019-11-22 23:50:49,735]-INFO: find__ 点击"点击马上提问",定位方法: id-->com.mmc.linghit.internal:id/ask_question_now line31
[2019-11-22 23:50:54,066]-INFO: find__ 点击"点击确认支付",定位方法: id-->com.mmc.linghit.internal:id/pay_confirm line31
[2019-11-22 23:50:56,178]-INFO: find__ 点击"点击返回",定位方法: id-->com.mmc.linghit.internal:id/topbar_item_left_back line31
[2019-11-22 23:50:58,910]-INFO: find__ 点击"点击返回",定位方法: id-->com.mmc.linghit.internal:id/topbar_item_left_back line31
[2019-11-22 23:51:01,453]-INFO: find__ 点击"点击已答数",定位方法: id-->com.mmc.linghit.internal:id/title line31
[2019-11-22 23:51:03,610]-INFO: find__ 点击"点击老师",定位方法: id-->com.mmc.linghit.internal:id/avatar line31
[2019-11-22 23:51:05,786]-INFO: find__ 点击"点击马上提问",定位方法: id-->com.mmc.linghit.internal:id/ask_question_now line31
[2019-11-22 23:51:12,504]-INFO: find__ 点击"点击确认支付",定位方法: id-->com.mmc.linghit.internal:id/pay_confirm line31
[2019-11-22 23:51:14,631]-INFO: find__ 点击"点击返回",定位方法: id-->com.mmc.linghit.internal:id/topbar_item_left_back line31
[2019-11-22 23:51:17,969]-INFO: find__ 点击"点击返回",定位方法: id-->com.mmc.linghit.internal:id/topbar_item_left_back line31
[2019-11-22 23:51:20,074]-INFO: find__ 点击"点击返回",定位方法: id-->com.mmc.linghit.internal:id/topbar_item_left_back line31
[2019-11-22 23:51:27,535]-INFO: find__ 点击"点击老师",定位方法: id-->com.mmc.linghit.internal:id/avatar line31
[2019-11-22 23:51:29,652]-INFO: find__ 点击"点击马上提问",定位方法: id-->com.mmc.linghit.internal:id/ask_question_now line31
[2019-11-22 23:51:35,194]-INFO: find__ 点击"点击确认支付",定位方法: id-->com.mmc.linghit.internal:id/pay_confirm line31
[2019-11-22 23:51:37,327]-INFO: find__ 点击"点击返回",定位方法: id-->com.mmc.linghit.internal:id/topbar_item_left_back line31
[2019-11-22 23:51:40,194]-INFO: find__ 点击"点击返回",定位方法: id-->com.mmc.linghit.internal:id/topbar_item_left_back line31
[2019-11-22 23:51:42,339]-INFO: find__ 点击"点击私聊",定位方法: id-->com.mmc.linghit.internal:id/consult line31
[2019-11-22 23:51:44,660]-INFO: find__ 点击"点击...",定位方法: id-->com.mmc.linghit.internal:id/topbar_item_right_more line31
[2019-11-22 23:51:48,781]-INFO: find__ 点击"点击举报",定位方法: id-->com.mmc.linghit.internal:id/title line31
[2019-11-22 23:51:50,512]-INFO: find__ 点击"输入内容",定位方法: id-->com.mmc.linghit.internal:id/reason line31
[2019-11-22 23:51:53,111]-INFO: find__ 点击"点击提交",定位方法: id-->com.mmc.linghit.internal:id/reason_commit line31
[2019-11-22 23:51:55,224]-INFO: find__ 点击"点击返回",定位方法: id-->com.mmc.linghit.internal:id/topbar_item_left_back line31
[2019-11-22 23:51:57,340]-INFO: find__ 点击"点击好评",定位方法: id-->com.mmc.linghit.internal:id/title line31
[2019-11-22 23:51:59,434]-INFO: find__ 点击"点击老师",定位方法: id-->com.mmc.linghit.internal:id/avatar line31
[2019-11-22 23:52:01,569]-INFO: find__ 点击"点击马上提问",定位方法: id-->com.mmc.linghit.internal:id/ask_question_now line31
[2019-11-22 23:52:06,133]-INFO: find__ 点击"点击确认支付",定位方法: id-->com.mmc.linghit.internal:id/pay_confirm line31
[2019-11-22 23:52:08,240]-INFO: find__ 点击"点击返回",定位方法: id-->com.mmc.linghit.internal:id/topbar_item_left_back line31
[2019-11-22 23:52:10,393]-INFO: find__ 点击"点击返回",定位方法: id-->com.mmc.linghit.internal:id/topbar_item_left_back line31
[2019-11-22 23:52:12,489]-INFO: find__ 点击"点击已答数",定位方法: id-->com.mmc.linghit.internal:id/title line31
[2019-11-22 23:52:14,622]-INFO: find__ 点击"点击老师",定位方法: id-->com.mmc.linghit.internal:id/avatar line31
[2019-11-22 23:52:16,713]-INFO: find__ 点击"点击马上提问",定位方法: id-->com.mmc.linghit.internal:id/ask_question_now line31
[2019-11-22 23:52:23,108]-INFO: find__ 点击"点击确认支付",定位方法: id-->com.mmc.linghit.internal:id/pay_confirm line31
[2019-11-22 23:52:25,272]-INFO: find__ 点击"点击返回",定位方法: id-->com.mmc.linghit.internal:id/topbar_item_left_back line31
[2019-11-22 23:52:28,385]-INFO: find__ 点击"点击返回",定位方法: id-->com.mmc.linghit.internal:id/topbar_item_left_back line31
[2019-11-22 23:52:30,504]-INFO: find__ 点击"点击返回",定位方法: id-->com.mmc.linghit.internal:id/topbar_item_left_back line31
[2019-11-22 23:52:38,521]-INFO: find__ 点击"点击老师",定位方法: id-->com.mmc.linghit.internal:id/avatar line31
[2019-11-22 23:52:40,712]-INFO: find__ 点击"点击马上提问",定位方法: id-->com.mmc.linghit.internal:id/ask_question_now line31
[2019-11-22 23:52:46,236]-INFO: find__ 点击"点击确认支付",定位方法: id-->com.mmc.linghit.internal:id/pay_confirm line31
[2019-11-22 23:52:48,804]-INFO: find__ 点击"点击返回",定位方法: id-->com.mmc.linghit.internal:id/topbar_item_left_back line31
[2019-11-22 23:52:51,645]-INFO: find__ 点击"点击返回",定位方法: id-->com.mmc.linghit.internal:id/topbar_item_left_back line31
[2019-11-22 23:52:53,745]-INFO: find__ 点击"点击私聊",定位方法: id-->com.mmc.linghit.internal:id/consult line31
[2019-11-22 23:52:55,907]-INFO: find__ 点击"点击...",定位方法: id-->com.mmc.linghit.internal:id/topbar_item_right_more line31
[2019-11-22 23:53:00,055]-INFO: find__ 点击"点击举报",定位方法: id-->com.mmc.linghit.internal:id/title line31
[2019-11-22 23:53:01,401]-INFO: find__ 点击"输入内容",定位方法: id-->com.mmc.linghit.internal:id/reason line31
[2019-11-22 23:53:03,550]-INFO: find__ 点击"点击提交",定位方法: id-->com.mmc.linghit.internal:id/reason_commit line31
[2019-11-22 23:53:05,651]-INFO: find__ 点击"点击返回",定位方法: id-->com.mmc.linghit.internal:id/topbar_item_left_back line31
[2019-11-22 23:53:07,745]-INFO: find__ 点击"点击好评",定位方法: id-->com.mmc.linghit.internal:id/title line31
[2019-11-22 23:53:09,868]-INFO: find__ 点击"点击老师",定位方法: id-->com.mmc.linghit.internal:id/avatar line31
[2019-11-22 23:53:11,990]-INFO: find__ 点击"点击马上提问",定位方法: id-->com.mmc.linghit.internal:id/ask_question_now line31
[2019-11-22 23:53:16,365]-INFO: find__ 点击"点击确认支付",定位方法: id-->com.mmc.linghit.internal:id/pay_confirm line31
[2019-11-22 23:53:18,464]-INFO: find__ 点击"点击返回",定位方法: id-->com.mmc.linghit.internal:id/topbar_item_left_back line31
[2019-11-22 23:53:21,284]-INFO: find__ 点击"点击返回",定位方法: id-->com.mmc.linghit.internal:id/topbar_item_left_back line31
[2019-11-22 23:53:23,448]-INFO: find__ 点击"点击已答数",定位方法: id-->com.mmc.linghit.internal:id/title line31
[2019-11-22 23:53:25,615]-INFO: find__ 点击"点击老师",定位方法: id-->com.mmc.linghit.internal:id/avatar line31
[2019-11-22 23:53:27,834]-INFO: find__ 点击"点击马上提问",定位方法: id-->com.mmc.linghit.internal:id/ask_question_now line31
[2019-11-22 23:53:34,168]-INFO: find__ 点击"点击确认支付",定位方法: id-->com.mmc.linghit.internal:id/pay_confirm line31
[2019-11-22 23:53:36,258]-INFO: find__ 点击"点击返回",定位方法: id-->com.mmc.linghit.internal:id/topbar_item_left_back line31
[2019-11-22 23:53:39,266]-INFO: find__ 点击"点击返回",定位方法: id-->com.mmc.linghit.internal:id/topbar_item_left_back line31
[2019-11-22 23:53:41,355]-INFO: find__ 点击"点击返回",定位方法: id-->com.mmc.linghit.internal:id/topbar_item_left_back line31
[2019-11-22 23:53:48,604]-INFO: find__ 点击"点击老师",定位方法: id-->com.mmc.linghit.internal:id/avatar line31
[2019-11-22 23:53:50,725]-INFO: find__ 点击"点击马上提问",定位方法: id-->com.mmc.linghit.internal:id/ask_question_now line31
[2019-11-22 23:53:56,491]-INFO: find__ 点击"点击确认支付",定位方法: id-->com.mmc.linghit.internal:id/pay_confirm line31
[2019-11-22 23:53:58,977]-INFO: find__ 点击"点击返回",定位方法: id-->com.mmc.linghit.internal:id/topbar_item_left_back line31
[2019-11-22 23:54:01,165]-INFO: find__ 点击"点击返回",定位方法: id-->com.mmc.linghit.internal:id/topbar_item_left_back line31
[2019-11-22 23:54:03,266]-INFO: find__ 点击"点击私聊",定位方法: id-->com.mmc.linghit.internal:id/consult line31
[2019-11-22 23:54:05,422]-INFO: find__ 点击"点击...",定位方法: id-->com.mmc.linghit.internal:id/topbar_item_right_more line31
[2019-11-22 23:54:09,566]-INFO: find__ 点击"点击举报",定位方法: id-->com.mmc.linghit.internal:id/title line31
[2019-11-22 23:54:10,926]-INFO: find__ 点击"输入内容",定位方法: id-->com.mmc.linghit.internal:id/reason line31
[2019-11-22 23:54:13,086]-INFO: find__ 点击"点击提交",定位方法: id-->com.mmc.linghit.internal:id/reason_commit line31
[2019-11-22 23:54:15,169]-INFO: find__ 点击"点击返回",定位方法: id-->com.mmc.linghit.internal:id/topbar_item_left_back line31
[2019-11-22 23:54:17,275]-INFO: find__ 点击"点击好评",定位方法: id-->com.mmc.linghit.internal:id/title line31
[2019-11-22 23:54:19,391]-INFO: find__ 点击"点击老师",定位方法: id-->com.mmc.linghit.internal:id/avatar line31
[2019-11-22 23:54:21,504]-INFO: find__ 点击"点击马上提问",定位方法: id-->com.mmc.linghit.internal:id/ask_question_now line31
[2019-11-22 23:54:26,017]-INFO: find__ 点击"点击确认支付",定位方法: id-->com.mmc.linghit.internal:id/pay_confirm line31
[2019-11-22 23:54:28,158]-INFO: find__ 点击"点击返回",定位方法: id-->com.mmc.linghit.internal:id/topbar_item_left_back line31
[2019-11-22 23:54:30,963]-INFO: find__ 点击"点击返回",定位方法: id-->com.mmc.linghit.internal:id/topbar_item_left_back line31
[2019-11-22 23:54:33,062]-INFO: find__ 点击"点击已答数",定位方法: id-->com.mmc.linghit.internal:id/title line31
[2019-11-22 23:54:35,181]-INFO: find__ 点击"点击老师",定位方法: id-->com.mmc.linghit.internal:id/avatar line31
[2019-11-22 23:54:37,309]-INFO: find__ 点击"点击马上提问",定位方法: id-->com.mmc.linghit.internal:id/ask_question_now line31
[2019-11-22 23:54:43,930]-INFO: find__ 点击"点击确认支付",定位方法: id-->com.mmc.linghit.internal:id/pay_confirm line31
[2019-11-22 23:54:46,045]-INFO: find__ 点击"点击返回",定位方法: id-->com.mmc.linghit.internal:id/topbar_item_left_back line31
[2019-11-22 23:54:48,858]-INFO: find__ 点击"点击返回",定位方法: id-->com.mmc.linghit.internal:id/topbar_item_left_back line31
[2019-11-22 23:54:51,101]-INFO: find__ 点击"点击返回",定位方法: id-->com.mmc.linghit.internal:id/topbar_item_left_back line31
